<?xml version="1.0" encoding="UTF-8"?>
<testsuites name="IncreaseInsuranceBagsCouta" time="30" tests="3" failures="0" errors="1">
   <testsuite name="IncreaseInsuranceBagsCouta" tests="3" failures="0" errors="1" time="30" timestamp="2019-11-17 10:21:03" hostname="smart - Sara-IT" id="Test Suites/TestSuites/IncreaseInsuranceBagsCouta">
      <properties>
         <property name="deviceName" value=""/>
         <property name="devicePlatform" value=""/>
         <property name="logFolder" value="C:\\Users\\smart\\Katalon Studio\\BakeryManagementSystem\\Reports\\TestSuites\\IncreaseInsuranceBagsCouta\\20191117_102059"/>
         <property name="logFiles" value="C:\\Users\\smart\\Katalon Studio\\BakeryManagementSystem\\Reports\\TestSuites\\IncreaseInsuranceBagsCouta\\20191117_102059\\execution0.log"/>
         <property name="attachments" value=""/>
         <property name="hostName" value="smart - Sara-IT"/>
         <property name="os" value="Windows 10 64bit"/>
         <property name="katalonVersion" value="6.0.5.10"/>
         <property name="browser" value="Chrome 77.0.3865.90"/>
         <property name="hostAddress" value="10.43.30.179"/>
         <property name="sessionId" value="456abcdd75414af0fb2ad9ff444b903a"/>
         <property name="seleniumVersion" value="3.7.1"/>
         <property name="proxyInformation" value="ProxyInformation{proxyOption=NO_PROXY, proxyServerType=HTTP, password=, proxyServerAddress=, proxyServerPort=0}"/>
         <property name="platform" value="Windows 10"/>
      </properties>
      <testcase name="Test Cases/General/GetData/IncreaseInsuranceCoutaGetData" classname="Test Cases/General/GetData/IncreaseInsuranceCoutaGetData" status="PASSED">
         <system-out><![CDATA[2019-11-17 10:21:03 - [TEST_CASE][PASSED] - Test Cases/General/GetData/IncreaseInsuranceCoutaGetData: Test Cases/General/GetData/IncreaseInsuranceCoutaGetData

2019-11-17 10:21:04 - [TEST_STEP][PASSED] - Query = <not implemented yet for class: org.codehaus.groovy.ast.expr.EmptyExpression>: null

2019-11-17 10:21:04 - [TEST_STEP][PASSED] - Query = "select * from base_bakery b inner join bakery_ach_data ach on b.BAKERY_CODE = ach.bakery_code where b.governorate_code=03 and b.status=0 and b.BAKERY_CODE not in( select BAKERY_CODE from REQ_BAKERY_ACH_DATA rbb,Requests r where rbb.REQ_CODE = r.REQ_CODE and r.REQ_CHANNEL=" + "'" + "BAKERY_ACC" + "' and r.REQ_STATUS =" + "'" + "FR_APRV" + "' and r.APP_TYPE=1);": null

2019-11-17 10:21:04 - [TEST_STEP][PASSED] - dataBaseConnection.GetOracleQueryResult.conectsql("SupplyCard", "smart999", Query, "GetBackeryCode.txt"): dataBaseConnection.GetOracleQueryResult.conectsql is PASSED

2019-11-17 10:21:11 - [MESSAGE][PASSED] - dataBaseConnection.GetOracleQueryResult.conectsql is PASSED

2019-11-17 10:21:11 - [TEST_STEP][PASSED] - file = new java.io.File(C:\Users\smart\Katalon Studio\BakeryManagementSystem\Cash\ValidUserName.txt): null

2019-11-17 10:21:11 - [TEST_STEP][PASSED] - file.write(findTestData("BakeryDataFileDirectorateAndCommodityEmployee").getValue(11, 1)): null

2019-11-17 10:21:12 - [TEST_STEP][PASSED] - file = new java.io.File(C:\Users\smart\Katalon Studio\BakeryManagementSystem\Cash\ValidPassword.txt): null

2019-11-17 10:21:12 - [TEST_STEP][PASSED] - file.write(findTestData("BakeryDataFileDirectorateAndCommodityEmployee").getValue(12, 1)): null]]></system-out>
         <system-err><![CDATA[]]></system-err>
      </testcase>
      <testcase name="Test Cases/General/OpenMethods/OpenBakerySystemByDirectorateEmployeeMethod" classname="Test Cases/General/OpenMethods/OpenBakerySystemByDirectorateEmployeeMethod" status="PASSED">
         <system-out><![CDATA[2019-11-17 10:21:12 - [TEST_CASE][PASSED] - Test Cases/General/OpenMethods/OpenBakerySystemByDirectorateEmployeeMethod: Test Cases/General/OpenMethods/OpenBakerySystemByDirectorateEmployeeMethod

2019-11-17 10:21:13 - [TEST_STEP][PASSED] - openBrowser(""): Browser is opened with url: ''

2019-11-17 10:21:13 - [MESSAGE][INFO] - Starting 'Chrome' driver

2019-11-17 10:21:14 - [MESSAGE][INFO] - Action delay is set to 0 seconds

2019-11-17 10:21:21 - [MESSAGE][PASSED] - Browser is opened with url: ''

2019-11-17 10:21:21 - [TEST_STEP][PASSED] - navigateToUrl("http://81.29.102.138:7001/bakeriessystem/login.jsf"): Navigate to 'http://81.29.102.138:7001/bakeriessystem/login.jsf' successfully

2019-11-17 10:21:23 - [MESSAGE][PASSED] - Navigate to 'http://81.29.102.138:7001/bakeriessystem/login.jsf' successfully

2019-11-17 10:21:23 - [TEST_STEP][PASSED] - maximizeWindow(): Current window maximized

2019-11-17 10:21:27 - [MESSAGE][PASSED] - Current window maximized

2019-11-17 10:21:27 - [TEST_STEP][PASSED] - setText(findTestObject("Object Repository/Login/Page_/input__username"), findTestData("BakeryDataFileDirectorateAndCommodityEmployee").getValue(11, 1)): Text 'BQ001' is set on object 'Object Repository/Login/Page_/input__username'

2019-11-17 10:21:28 - [MESSAGE][PASSED] - Text 'BQ001' is set on object 'Object Repository/Login/Page_/input__username'

2019-11-17 10:21:28 - [TEST_STEP][PASSED] - setEncryptedText(findTestObject("Object Repository/Login/Page_/input__password"), findTestData("BakeryDataFileDirectorateAndCommodityEmployee").getValue(12, 1)): Text ****** has been set on object 'Object Repository/Login/Page_/input__password'

2019-11-17 10:21:28 - [MESSAGE][PASSED] - Text ****** has been set on object 'Object Repository/Login/Page_/input__password'

2019-11-17 10:21:28 - [TEST_STEP][PASSED] - click(findTestObject("Object Repository/Login/Page_/span_")): Object: 'Object Repository/Login/Page_/span_' is clicked on

2019-11-17 10:21:31 - [MESSAGE][PASSED] - Object: 'Object Repository/Login/Page_/span_' is clicked on

2019-11-17 10:21:31 - [TEST_STEP][PASSED] - waitForPageLoad(3): Wait for page load successfully

2019-11-17 10:21:31 - [MESSAGE][PASSED] - Wait for page load successfully]]></system-out>
         <system-err><![CDATA[]]></system-err>
      </testcase>
      <testcase name="Test Cases/General/OpenMethods/OpenCreateIncreaseInsuranceQuotaTapMethod" classname="Test Cases/General/OpenMethods/OpenCreateIncreaseInsuranceQuotaTapMethod" status="PASSED">
         <system-out><![CDATA[2019-11-17 10:21:31 - [TEST_CASE][PASSED] - Test Cases/General/OpenMethods/OpenCreateIncreaseInsuranceQuotaTapMethod: Test Cases/General/OpenMethods/OpenCreateIncreaseInsuranceQuotaTapMethod

2019-11-17 10:21:31 - [TEST_STEP][PASSED] - navigateToUrl("http://81.29.102.138:7001/bakeriessystem/manager/BakeryQuota.jsf"): Navigate to 'http://81.29.102.138:7001/bakeriessystem/manager/BakeryQuota.jsf' successfully

2019-11-17 10:21:33 - [MESSAGE][PASSED] - Navigate to 'http://81.29.102.138:7001/bakeriessystem/manager/BakeryQuota.jsf' successfully]]></system-out>
         <system-err><![CDATA[]]></system-err>
      </testcase>
      <testcase name="Test Cases/SpecificTab/IncreaseInsuranceBagsCouta/SearchForBakeryCodeByDirectorateEmployee" classname="Test Cases/SpecificTab/IncreaseInsuranceBagsCouta/SearchForBakeryCodeByDirectorateEmployee" status="ERROR">
         <error type="ERROR" message="Test Cases/SpecificTab/IncreaseInsuranceBagsCouta/SearchForBakeryCodeByDirectorateEmployee FAILED.
Reason:
java.io.FileNotFoundException: C:\Users\smart\Katalon Studio\BakeryManagementSystem.Share\Cash\GetBackeryCode.txt (The system cannot find the file specified)
	at SearchForBakeryCodeByDirectorateEmployee.run(SearchForBakeryCodeByDirectorateEmployee:23)
	at com.kms.katalon.core.main.ScriptEngine.run(ScriptEngine.java:194)
	at com.kms.katalon.core.main.ScriptEngine.runScriptAsRawText(ScriptEngine.java:119)
	at com.kms.katalon.core.main.TestCaseExecutor.runScript(TestCaseExecutor.java:331)
	at com.kms.katalon.core.main.TestCaseExecutor.doExecute(TestCaseExecutor.java:322)
	at com.kms.katalon.core.main.TestCaseExecutor.processExecutionPhase(TestCaseExecutor.java:301)
	at com.kms.katalon.core.main.TestCaseExecutor.accessMainPhase(TestCaseExecutor.java:293)
	at com.kms.katalon.core.main.TestCaseExecutor.execute(TestCaseExecutor.java:227)
	at com.kms.katalon.core.main.TestSuiteExecutor.accessTestCaseMainPhase(TestSuiteExecutor.java:129)
	at com.kms.katalon.core.main.TestSuiteExecutor.accessTestSuiteMainPhase(TestSuiteExecutor.java:112)
	at com.kms.katalon.core.main.TestSuiteExecutor.execute(TestSuiteExecutor.java:81)
	at com.kms.katalon.core.main.TestCaseMain.startTestSuite(TestCaseMain.java:157)
	at com.kms.katalon.core.main.TestCaseMain$startTestSuite$0.call(Unknown Source)
	at TempTestSuite1573978859269.run(TempTestSuite1573978859269.groovy:35)
"/>
         <system-out><![CDATA[2019-11-17 10:21:33 - [TEST_CASE][ERROR] - Test Cases/SpecificTab/IncreaseInsuranceBagsCouta/SearchForBakeryCodeByDirectorateEmployee: Test Cases/SpecificTab/IncreaseInsuranceBagsCouta/SearchForBakeryCodeByDirectorateEmployee FAILED.
Reason:
java.io.FileNotFoundException: C:\Users\smart\Katalon Studio\BakeryManagementSystem.Share\Cash\GetBackeryCode.txt (The system cannot find the file specified)
	at SearchForBakeryCodeByDirectorateEmployee.run(SearchForBakeryCodeByDirectorateEmployee:23)
	at com.kms.katalon.core.main.ScriptEngine.run(ScriptEngine.java:194)
	at com.kms.katalon.core.main.ScriptEngine.runScriptAsRawText(ScriptEngine.java:119)
	at com.kms.katalon.core.main.TestCaseExecutor.runScript(TestCaseExecutor.java:331)
	at com.kms.katalon.core.main.TestCaseExecutor.doExecute(TestCaseExecutor.java:322)
	at com.kms.katalon.core.main.TestCaseExecutor.processExecutionPhase(TestCaseExecutor.java:301)
	at com.kms.katalon.core.main.TestCaseExecutor.accessMainPhase(TestCaseExecutor.java:293)
	at com.kms.katalon.core.main.TestCaseExecutor.execute(TestCaseExecutor.java:227)
	at com.kms.katalon.core.main.TestSuiteExecutor.accessTestCaseMainPhase(TestSuiteExecutor.java:129)
	at com.kms.katalon.core.main.TestSuiteExecutor.accessTestSuiteMainPhase(TestSuiteExecutor.java:112)
	at com.kms.katalon.core.main.TestSuiteExecutor.execute(TestSuiteExecutor.java:81)
	at com.kms.katalon.core.main.TestCaseMain.startTestSuite(TestCaseMain.java:157)
	at com.kms.katalon.core.main.TestCaseMain$startTestSuite$0.call(Unknown Source)
	at TempTestSuite1573978859269.run(TempTestSuite1573978859269.groovy:35)


2019-11-17 10:21:33 - [TEST_STEP][PASSED] - file = <not implemented yet for class: org.codehaus.groovy.ast.expr.EmptyExpression>: null

2019-11-17 10:21:33 - [TEST_STEP][PASSED] - BackeryCode = <not implemented yet for class: org.codehaus.groovy.ast.expr.EmptyExpression>: null

2019-11-17 10:21:33 - [TEST_STEP][PASSED] - file = new java.io.File(C:\Users\smart\Katalon Studio\BakeryManagementSystem.Share\Cash\GetBackeryCode.txt): null

2019-11-17 10:21:33 - [TEST_STEP][ERROR] - BackeryCode = file.readLines(): BackeryCode = file.readLines() FAILED.
Reason:
java.io.FileNotFoundException: C:\Users\smart\Katalon Studio\BakeryManagementSystem.Share\Cash\GetBackeryCode.txt (The system cannot find the file specified)
	at SearchForBakeryCodeByDirectorateEmployee.run(SearchForBakeryCodeByDirectorateEmployee:23)
	at com.kms.katalon.core.main.ScriptEngine.run(ScriptEngine.java:194)
	at com.kms.katalon.core.main.ScriptEngine.runScriptAsRawText(ScriptEngine.java:119)
	at com.kms.katalon.core.main.TestCaseExecutor.runScript(TestCaseExecutor.java:331)
	at com.kms.katalon.core.main.TestCaseExecutor.doExecute(TestCaseExecutor.java:322)
	at com.kms.katalon.core.main.TestCaseExecutor.processExecutionPhase(TestCaseExecutor.java:301)
	at com.kms.katalon.core.main.TestCaseExecutor.accessMainPhase(TestCaseExecutor.java:293)
	at com.kms.katalon.core.main.TestCaseExecutor.execute(TestCaseExecutor.java:227)
	at com.kms.katalon.core.main.TestSuiteExecutor.accessTestCaseMainPhase(TestSuiteExecutor.java:129)
	at com.kms.katalon.core.main.TestSuiteExecutor.accessTestSuiteMainPhase(TestSuiteExecutor.java:112)
	at com.kms.katalon.core.main.TestSuiteExecutor.execute(TestSuiteExecutor.java:81)
	at com.kms.katalon.core.main.TestCaseMain.startTestSuite(TestCaseMain.java:157)
	at com.kms.katalon.core.main.TestCaseMain$startTestSuite$0.call(Unknown Source)
	at TempTestSuite1573978859269.run(TempTestSuite1573978859269.groovy:35)


2019-11-17 10:21:33 - [MESSAGE][ERROR] - BackeryCode = file.readLines() FAILED.
Reason:
java.io.FileNotFoundException: C:\Users\smart\Katalon Studio\BakeryManagementSystem.Share\Cash\GetBackeryCode.txt (The system cannot find the file specified)
	at SearchForBakeryCodeByDirectorateEmployee.run(SearchForBakeryCodeByDirectorateEmployee:23)
	at com.kms.katalon.core.main.ScriptEngine.run(ScriptEngine.java:194)
	at com.kms.katalon.core.main.ScriptEngine.runScriptAsRawText(ScriptEngine.java:119)
	at com.kms.katalon.core.main.TestCaseExecutor.runScript(TestCaseExecutor.java:331)
	at com.kms.katalon.core.main.TestCaseExecutor.doExecute(TestCaseExecutor.java:322)
	at com.kms.katalon.core.main.TestCaseExecutor.processExecutionPhase(TestCaseExecutor.java:301)
	at com.kms.katalon.core.main.TestCaseExecutor.accessMainPhase(TestCaseExecutor.java:293)
	at com.kms.katalon.core.main.TestCaseExecutor.execute(TestCaseExecutor.java:227)
	at com.kms.katalon.core.main.TestSuiteExecutor.accessTestCaseMainPhase(TestSuiteExecutor.java:129)
	at com.kms.katalon.core.main.TestSuiteExecutor.accessTestSuiteMainPhase(TestSuiteExecutor.java:112)
	at com.kms.katalon.core.main.TestSuiteExecutor.execute(TestSuiteExecutor.java:81)
	at com.kms.katalon.core.main.TestCaseMain.startTestSuite(TestCaseMain.java:157)
	at com.kms.katalon.core.main.TestCaseMain$startTestSuite$0.call(Unknown Source)
	at TempTestSuite1573978859269.run(TempTestSuite1573978859269.groovy:35)]]></system-out>
         <system-err><![CDATA[2019-11-17 10:21:33 - [TEST_CASE][ERROR] - Test Cases/SpecificTab/IncreaseInsuranceBagsCouta/SearchForBakeryCodeByDirectorateEmployee: Test Cases/SpecificTab/IncreaseInsuranceBagsCouta/SearchForBakeryCodeByDirectorateEmployee FAILED.
Reason:
java.io.FileNotFoundException: C:\Users\smart\Katalon Studio\BakeryManagementSystem.Share\Cash\GetBackeryCode.txt (The system cannot find the file specified)
	at SearchForBakeryCodeByDirectorateEmployee.run(SearchForBakeryCodeByDirectorateEmployee:23)
	at com.kms.katalon.core.main.ScriptEngine.run(ScriptEngine.java:194)
	at com.kms.katalon.core.main.ScriptEngine.runScriptAsRawText(ScriptEngine.java:119)
	at com.kms.katalon.core.main.TestCaseExecutor.runScript(TestCaseExecutor.java:331)
	at com.kms.katalon.core.main.TestCaseExecutor.doExecute(TestCaseExecutor.java:322)
	at com.kms.katalon.core.main.TestCaseExecutor.processExecutionPhase(TestCaseExecutor.java:301)
	at com.kms.katalon.core.main.TestCaseExecutor.accessMainPhase(TestCaseExecutor.java:293)
	at com.kms.katalon.core.main.TestCaseExecutor.execute(TestCaseExecutor.java:227)
	at com.kms.katalon.core.main.TestSuiteExecutor.accessTestCaseMainPhase(TestSuiteExecutor.java:129)
	at com.kms.katalon.core.main.TestSuiteExecutor.accessTestSuiteMainPhase(TestSuiteExecutor.java:112)
	at com.kms.katalon.core.main.TestSuiteExecutor.execute(TestSuiteExecutor.java:81)
	at com.kms.katalon.core.main.TestCaseMain.startTestSuite(TestCaseMain.java:157)
	at com.kms.katalon.core.main.TestCaseMain$startTestSuite$0.call(Unknown Source)
	at TempTestSuite1573978859269.run(TempTestSuite1573978859269.groovy:35)]]></system-err>
      </testcase>
      <system-out><![CDATA[2019-11-17 10:21:03 - [TEST_SUITE][ERROR] - IncreaseInsuranceBagsCouta: Test Cases/SpecificTab/IncreaseInsuranceBagsCouta/SearchForBakeryCodeByDirectorateEmployee FAILED.
Reason:
java.io.FileNotFoundException: C:\Users\smart\Katalon Studio\BakeryManagementSystem.Share\Cash\GetBackeryCode.txt (The system cannot find the file specified)
	at SearchForBakeryCodeByDirectorateEmployee.run(SearchForBakeryCodeByDirectorateEmployee:23)
	at com.kms.katalon.core.main.ScriptEngine.run(ScriptEngine.java:194)
	at com.kms.katalon.core.main.ScriptEngine.runScriptAsRawText(ScriptEngine.java:119)
	at com.kms.katalon.core.main.TestCaseExecutor.runScript(TestCaseExecutor.java:331)
	at com.kms.katalon.core.main.TestCaseExecutor.doExecute(TestCaseExecutor.java:322)
	at com.kms.katalon.core.main.TestCaseExecutor.processExecutionPhase(TestCaseExecutor.java:301)
	at com.kms.katalon.core.main.TestCaseExecutor.accessMainPhase(TestCaseExecutor.java:293)
	at com.kms.katalon.core.main.TestCaseExecutor.execute(TestCaseExecutor.java:227)
	at com.kms.katalon.core.main.TestSuiteExecutor.accessTestCaseMainPhase(TestSuiteExecutor.java:129)
	at com.kms.katalon.core.main.TestSuiteExecutor.accessTestSuiteMainPhase(TestSuiteExecutor.java:112)
	at com.kms.katalon.core.main.TestSuiteExecutor.execute(TestSuiteExecutor.java:81)
	at com.kms.katalon.core.main.TestCaseMain.startTestSuite(TestCaseMain.java:157)
	at com.kms.katalon.core.main.TestCaseMain$startTestSuite$0.call(Unknown Source)
	at TempTestSuite1573978859269.run(TempTestSuite1573978859269.groovy:35)]]></system-out>
      <system-err><![CDATA[2019-11-17 10:21:03 - [TEST_SUITE][ERROR] - IncreaseInsuranceBagsCouta: Test Cases/SpecificTab/IncreaseInsuranceBagsCouta/SearchForBakeryCodeByDirectorateEmployee FAILED.
Reason:
java.io.FileNotFoundException: C:\Users\smart\Katalon Studio\BakeryManagementSystem.Share\Cash\GetBackeryCode.txt (The system cannot find the file specified)
	at SearchForBakeryCodeByDirectorateEmployee.run(SearchForBakeryCodeByDirectorateEmployee:23)
	at com.kms.katalon.core.main.ScriptEngine.run(ScriptEngine.java:194)
	at com.kms.katalon.core.main.ScriptEngine.runScriptAsRawText(ScriptEngine.java:119)
	at com.kms.katalon.core.main.TestCaseExecutor.runScript(TestCaseExecutor.java:331)
	at com.kms.katalon.core.main.TestCaseExecutor.doExecute(TestCaseExecutor.java:322)
	at com.kms.katalon.core.main.TestCaseExecutor.processExecutionPhase(TestCaseExecutor.java:301)
	at com.kms.katalon.core.main.TestCaseExecutor.accessMainPhase(TestCaseExecutor.java:293)
	at com.kms.katalon.core.main.TestCaseExecutor.execute(TestCaseExecutor.java:227)
	at com.kms.katalon.core.main.TestSuiteExecutor.accessTestCaseMainPhase(TestSuiteExecutor.java:129)
	at com.kms.katalon.core.main.TestSuiteExecutor.accessTestSuiteMainPhase(TestSuiteExecutor.java:112)
	at com.kms.katalon.core.main.TestSuiteExecutor.execute(TestSuiteExecutor.java:81)
	at com.kms.katalon.core.main.TestCaseMain.startTestSuite(TestCaseMain.java:157)
	at com.kms.katalon.core.main.TestCaseMain$startTestSuite$0.call(Unknown Source)
	at TempTestSuite1573978859269.run(TempTestSuite1573978859269.groovy:35)]]></system-err>
   </testsuite>
</testsuites>
