<?xml version="1.0" encoding="UTF-8"?>
<testsuites name="EditBankAccountForBakery - Copy" time="94" tests="9" failures="2" errors="0">
   <testsuite name="EditBankAccountForBakery - Copy" tests="9" failures="2" errors="0" time="94" timestamp="2019-10-09 12:43:36" hostname="smart - Sara-IT" id="Test Suites/TestSuites/EditBankAccountForBakery - Copy">
      <properties>
         <property name="deviceName" value=""/>
         <property name="devicePlatform" value=""/>
         <property name="logFolder" value="C:\\Users\\smart\\Katalon Studio\\BakeryManagementSystem.Share\\Reports\\TestSuites\\EditBankAccountForBakery - Copy\\20191009_124333"/>
         <property name="logFiles" value="C:\\Users\\smart\\Katalon Studio\\BakeryManagementSystem.Share\\Reports\\TestSuites\\EditBankAccountForBakery - Copy\\20191009_124333\\execution0.log"/>
         <property name="attachments" value="C:\\Users\\smart\\Katalon Studio\\BakeryManagementSystem.Share\\Reports\\TestSuites\\EditBankAccountForBakery - Copy\\20191009_124333\\1570617865737.png"/>
         <property name="hostName" value="smart - Sara-IT"/>
         <property name="os" value="Windows 10 64bit"/>
         <property name="katalonVersion" value="6.0.5.10"/>
         <property name="browser" value="Chrome 77.0.3865.90"/>
         <property name="hostAddress" value="10.43.30.179"/>
         <property name="sessionId" value="923f96ed72e3c61be5b2ce4f4566dd01"/>
         <property name="seleniumVersion" value="3.7.1"/>
         <property name="proxyInformation" value="ProxyInformation{proxyOption=NO_PROXY, proxyServerType=HTTP, password=, proxyServerAddress=, proxyServerPort=0}"/>
         <property name="platform" value="Windows 10"/>
      </properties>
      <testcase name="Test Cases/General/OpenMethods/OpenBakerySystemByCommodityAuthorityEmployeeMethod" classname="Test Cases/General/OpenMethods/OpenBakerySystemByCommodityAuthorityEmployeeMethod" status="PASSED">
         <system-out><![CDATA[2019-10-09 12:43:36 - [TEST_CASE][PASSED] - Test Cases/General/OpenMethods/OpenBakerySystemByCommodityAuthorityEmployeeMethod: Test Cases/General/OpenMethods/OpenBakerySystemByCommodityAuthorityEmployeeMethod

2019-10-09 12:43:37 - [TEST_STEP][PASSED] - openBrowser(""): Browser is opened with url: ''

2019-10-09 12:43:37 - [MESSAGE][INFO] - Starting 'Chrome' driver

2019-10-09 12:43:37 - [MESSAGE][INFO] - Action delay is set to 0 seconds

2019-10-09 12:43:41 - [MESSAGE][PASSED] - Browser is opened with url: ''

2019-10-09 12:43:41 - [TEST_STEP][PASSED] - navigateToUrl("http://81.29.102.138:7001/bakeriessystem/login.jsf"): Navigate to 'http://81.29.102.138:7001/bakeriessystem/login.jsf' successfully

2019-10-09 12:43:44 - [MESSAGE][PASSED] - Navigate to 'http://81.29.102.138:7001/bakeriessystem/login.jsf' successfully

2019-10-09 12:43:44 - [TEST_STEP][PASSED] - maximizeWindow(): Current window maximized

2019-10-09 12:43:45 - [MESSAGE][PASSED] - Current window maximized

2019-10-09 12:43:45 - [TEST_STEP][PASSED] - setText(findTestObject("Object Repository/Login/Page_/input__username"), findTestData("BakeryDataFileDirectorateAndCommodityEmployee").getValue(9, 1)): Text 'B-SCA-01' is set on object 'Object Repository/Login/Page_/input__username'

2019-10-09 12:43:46 - [MESSAGE][PASSED] - Text 'B-SCA-01' is set on object 'Object Repository/Login/Page_/input__username'

2019-10-09 12:43:46 - [TEST_STEP][PASSED] - setEncryptedText(findTestObject("Object Repository/Login/Page_/input__password"), findTestData("BakeryDataFileDirectorateAndCommodityEmployee").getValue(10, 1)): Text ****** has been set on object 'Object Repository/Login/Page_/input__password'

2019-10-09 12:43:47 - [MESSAGE][PASSED] - Text ****** has been set on object 'Object Repository/Login/Page_/input__password'

2019-10-09 12:43:47 - [TEST_STEP][PASSED] - click(findTestObject("Object Repository/Login/Page_/span_")): Object: 'Object Repository/Login/Page_/span_' is clicked on

2019-10-09 12:43:50 - [MESSAGE][PASSED] - Object: 'Object Repository/Login/Page_/span_' is clicked on]]></system-out>
         <system-err><![CDATA[]]></system-err>
      </testcase>
      <testcase name="Test Cases/General/OpenMethods/OpenReviewTheCreationModificationofTheBankAccountForBakeryMethod" classname="Test Cases/General/OpenMethods/OpenReviewTheCreationModificationofTheBankAccountForBakeryMethod" status="PASSED">
         <system-out><![CDATA[2019-10-09 12:43:50 - [TEST_CASE][PASSED] - Test Cases/General/OpenMethods/OpenReviewTheCreationModificationofTheBankAccountForBakeryMethod: Test Cases/General/OpenMethods/OpenReviewTheCreationModificationofTheBankAccountForBakeryMethod

2019-10-09 12:43:50 - [TEST_STEP][PASSED] - navigateToUrl("http://81.29.102.138:7001/bakeriessystem/commodityAuth/EditBakeryAccountAudit.jsf"): Navigate to 'http://81.29.102.138:7001/bakeriessystem/commodityAuth/EditBakeryAccountAudit.jsf' successfully

2019-10-09 12:43:52 - [MESSAGE][PASSED] - Navigate to 'http://81.29.102.138:7001/bakeriessystem/commodityAuth/EditBakeryAccountAudit.jsf' successfully]]></system-out>
         <system-err><![CDATA[]]></system-err>
      </testcase>
      <testcase name="Test Cases/Reusable/Assertion/ReviewBankAccountCreationByCommunityEmployeeAssertionMethod" classname="Test Cases/Reusable/Assertion/ReviewBankAccountCreationByCommunityEmployeeAssertionMethod" status="FAILED">
         <failure type="FAILED" message="Test Cases/Reusable/Assertion/ReviewBankAccountCreationByCommunityEmployeeAssertionMethod FAILED.
Reason:
Assertion failed: 

assert ActualCreationDate == today.format('MM/dd/yyyy')
       |                  |  |     |
       09/10/2019         |  |     10/09/2019
                          |  Wed Oct 09 12:43:52 EET 2019
                          false

	at ReviewBankAccountCreationByCommunityEmployeeAssertionMethod.run(ReviewBankAccountCreationByCommunityEmployeeAssertionMethod:44)
	at com.kms.katalon.core.main.ScriptEngine.run(ScriptEngine.java:194)
	at com.kms.katalon.core.main.ScriptEngine.runScriptAsRawText(ScriptEngine.java:119)
	at com.kms.katalon.core.main.TestCaseExecutor.runScript(TestCaseExecutor.java:331)
	at com.kms.katalon.core.main.TestCaseExecutor.doExecute(TestCaseExecutor.java:322)
	at com.kms.katalon.core.main.TestCaseExecutor.processExecutionPhase(TestCaseExecutor.java:301)
	at com.kms.katalon.core.main.TestCaseExecutor.accessMainPhase(TestCaseExecutor.java:293)
	at com.kms.katalon.core.main.TestCaseExecutor.execute(TestCaseExecutor.java:227)
	at com.kms.katalon.core.main.TestSuiteExecutor.accessTestCaseMainPhase(TestSuiteExecutor.java:129)
	at com.kms.katalon.core.main.TestSuiteExecutor.accessTestSuiteMainPhase(TestSuiteExecutor.java:112)
	at com.kms.katalon.core.main.TestSuiteExecutor.execute(TestSuiteExecutor.java:81)
	at com.kms.katalon.core.main.TestCaseMain.startTestSuite(TestCaseMain.java:157)
	at com.kms.katalon.core.main.TestCaseMain$startTestSuite$0.call(Unknown Source)
	at TempTestSuite1570617813263.run(TempTestSuite1570617813263.groovy:35)
"/>
         <system-out><![CDATA[2019-10-09 12:43:52 - [TEST_CASE][FAILED] - Test Cases/Reusable/Assertion/ReviewBankAccountCreationByCommunityEmployeeAssertionMethod: Test Cases/Reusable/Assertion/ReviewBankAccountCreationByCommunityEmployeeAssertionMethod FAILED.
Reason:
Assertion failed: 

assert ActualCreationDate == today.format('MM/dd/yyyy')
       |                  |  |     |
       09/10/2019         |  |     10/09/2019
                          |  Wed Oct 09 12:43:52 EET 2019
                          false

	at ReviewBankAccountCreationByCommunityEmployeeAssertionMethod.run(ReviewBankAccountCreationByCommunityEmployeeAssertionMethod:44)
	at com.kms.katalon.core.main.ScriptEngine.run(ScriptEngine.java:194)
	at com.kms.katalon.core.main.ScriptEngine.runScriptAsRawText(ScriptEngine.java:119)
	at com.kms.katalon.core.main.TestCaseExecutor.runScript(TestCaseExecutor.java:331)
	at com.kms.katalon.core.main.TestCaseExecutor.doExecute(TestCaseExecutor.java:322)
	at com.kms.katalon.core.main.TestCaseExecutor.processExecutionPhase(TestCaseExecutor.java:301)
	at com.kms.katalon.core.main.TestCaseExecutor.accessMainPhase(TestCaseExecutor.java:293)
	at com.kms.katalon.core.main.TestCaseExecutor.execute(TestCaseExecutor.java:227)
	at com.kms.katalon.core.main.TestSuiteExecutor.accessTestCaseMainPhase(TestSuiteExecutor.java:129)
	at com.kms.katalon.core.main.TestSuiteExecutor.accessTestSuiteMainPhase(TestSuiteExecutor.java:112)
	at com.kms.katalon.core.main.TestSuiteExecutor.execute(TestSuiteExecutor.java:81)
	at com.kms.katalon.core.main.TestCaseMain.startTestSuite(TestCaseMain.java:157)
	at com.kms.katalon.core.main.TestCaseMain$startTestSuite$0.call(Unknown Source)
	at TempTestSuite1570617813263.run(TempTestSuite1570617813263.groovy:35)


2019-10-09 12:43:52 - [TEST_STEP][PASSED] - SplitArrResult = <not implemented yet for class: org.codehaus.groovy.ast.expr.EmptyExpression>: null

2019-10-09 12:43:52 - [TEST_STEP][PASSED] - FileData = <not implemented yet for class: org.codehaus.groovy.ast.expr.EmptyExpression>: null

2019-10-09 12:43:52 - [TEST_STEP][PASSED] - file = <not implemented yet for class: org.codehaus.groovy.ast.expr.EmptyExpression>: null

2019-10-09 12:43:52 - [TEST_STEP][PASSED] - today = new java.util.Date(): null

2019-10-09 12:43:52 - [TEST_STEP][PASSED] - click(findTestObject("DynamicWebTables/DynamicWebRow")): Object: 'Object Repository/DynamicWebTables/DynamicWebRow' is clicked on

2019-10-09 12:43:52 - [MESSAGE][PASSED] - Object: 'Object Repository/DynamicWebTables/DynamicWebRow' is clicked on

2019-10-09 12:43:52 - [TEST_STEP][PASSED] - RowValue = getText(findTestObject("DynamicWebTables/DynamicWebRow")): Text of object 'Object Repository/DynamicWebTables/DynamicWebRow' is: '42002 09/10/2019 اختبارى تدريب
التفاصيل'

2019-10-09 12:43:52 - [MESSAGE][PASSED] - Text of object 'Object Repository/DynamicWebTables/DynamicWebRow' is: '42002 09/10/2019 اختبارى تدريب
التفاصيل'

2019-10-09 12:43:52 - [TEST_STEP][PASSED] - println(RowValue): null

2019-10-09 12:43:52 - [TEST_STEP][PASSED] - SplitArrResult = RowValue.split(" "): null

2019-10-09 12:43:52 - [TEST_STEP][PASSED] - println(SplitArrResult): null

2019-10-09 12:43:52 - [TEST_STEP][PASSED] - ActualReqCode = SplitArrResult[0]: null

2019-10-09 12:43:52 - [TEST_STEP][PASSED] - println(ActualReqCode): null

2019-10-09 12:43:52 - [TEST_STEP][PASSED] - file = new java.io.File(C:\Users\smart\Katalon Studio\BakeryManagementSystem.Share\Cash\ReqCode.txt): null

2019-10-09 12:43:52 - [TEST_STEP][PASSED] - FileData = toString().replaceAll("\p{P}", ""): null

2019-10-09 12:43:52 - [TEST_STEP][PASSED] - assert ActualReqCode.contains(FileData): null

2019-10-09 12:43:52 - [TEST_STEP][PASSED] - ActualCreationDate = SplitArrResult[1]: null

2019-10-09 12:43:53 - [TEST_STEP][PASSED] - println(ActualCreationDate): null

2019-10-09 12:43:53 - [TEST_STEP][FAILED] - assert ActualCreationDate == today.format("MM/dd/yyyy"): assert ActualCreationDate == today.format("MM/dd/yyyy") FAILED.
Reason:
Assertion failed: 

assert ActualCreationDate == today.format('MM/dd/yyyy')
       |                  |  |     |
       09/10/2019         |  |     10/09/2019
                          |  Wed Oct 09 12:43:52 EET 2019
                          false

	at ReviewBankAccountCreationByCommunityEmployeeAssertionMethod.run(ReviewBankAccountCreationByCommunityEmployeeAssertionMethod:44)
	at com.kms.katalon.core.main.ScriptEngine.run(ScriptEngine.java:194)
	at com.kms.katalon.core.main.ScriptEngine.runScriptAsRawText(ScriptEngine.java:119)
	at com.kms.katalon.core.main.TestCaseExecutor.runScript(TestCaseExecutor.java:331)
	at com.kms.katalon.core.main.TestCaseExecutor.doExecute(TestCaseExecutor.java:322)
	at com.kms.katalon.core.main.TestCaseExecutor.processExecutionPhase(TestCaseExecutor.java:301)
	at com.kms.katalon.core.main.TestCaseExecutor.accessMainPhase(TestCaseExecutor.java:293)
	at com.kms.katalon.core.main.TestCaseExecutor.execute(TestCaseExecutor.java:227)
	at com.kms.katalon.core.main.TestSuiteExecutor.accessTestCaseMainPhase(TestSuiteExecutor.java:129)
	at com.kms.katalon.core.main.TestSuiteExecutor.accessTestSuiteMainPhase(TestSuiteExecutor.java:112)
	at com.kms.katalon.core.main.TestSuiteExecutor.execute(TestSuiteExecutor.java:81)
	at com.kms.katalon.core.main.TestCaseMain.startTestSuite(TestCaseMain.java:157)
	at com.kms.katalon.core.main.TestCaseMain$startTestSuite$0.call(Unknown Source)
	at TempTestSuite1570617813263.run(TempTestSuite1570617813263.groovy:35)


2019-10-09 12:43:53 - [MESSAGE][FAILED] - assert ActualCreationDate == today.format("MM/dd/yyyy") FAILED.
Reason:
Assertion failed: 

assert ActualCreationDate == today.format('MM/dd/yyyy')
       |                  |  |     |
       09/10/2019         |  |     10/09/2019
                          |  Wed Oct 09 12:43:52 EET 2019
                          false

	at ReviewBankAccountCreationByCommunityEmployeeAssertionMethod.run(ReviewBankAccountCreationByCommunityEmployeeAssertionMethod:44)
	at com.kms.katalon.core.main.ScriptEngine.run(ScriptEngine.java:194)
	at com.kms.katalon.core.main.ScriptEngine.runScriptAsRawText(ScriptEngine.java:119)
	at com.kms.katalon.core.main.TestCaseExecutor.runScript(TestCaseExecutor.java:331)
	at com.kms.katalon.core.main.TestCaseExecutor.doExecute(TestCaseExecutor.java:322)
	at com.kms.katalon.core.main.TestCaseExecutor.processExecutionPhase(TestCaseExecutor.java:301)
	at com.kms.katalon.core.main.TestCaseExecutor.accessMainPhase(TestCaseExecutor.java:293)
	at com.kms.katalon.core.main.TestCaseExecutor.execute(TestCaseExecutor.java:227)
	at com.kms.katalon.core.main.TestSuiteExecutor.accessTestCaseMainPhase(TestSuiteExecutor.java:129)
	at com.kms.katalon.core.main.TestSuiteExecutor.accessTestSuiteMainPhase(TestSuiteExecutor.java:112)
	at com.kms.katalon.core.main.TestSuiteExecutor.execute(TestSuiteExecutor.java:81)
	at com.kms.katalon.core.main.TestCaseMain.startTestSuite(TestCaseMain.java:157)
	at com.kms.katalon.core.main.TestCaseMain$startTestSuite$0.call(Unknown Source)
	at TempTestSuite1570617813263.run(TempTestSuite1570617813263.groovy:35)]]></system-out>
         <system-err><![CDATA[2019-10-09 12:43:52 - [TEST_CASE][FAILED] - Test Cases/Reusable/Assertion/ReviewBankAccountCreationByCommunityEmployeeAssertionMethod: Test Cases/Reusable/Assertion/ReviewBankAccountCreationByCommunityEmployeeAssertionMethod FAILED.
Reason:
Assertion failed: 

assert ActualCreationDate == today.format('MM/dd/yyyy')
       |                  |  |     |
       09/10/2019         |  |     10/09/2019
                          |  Wed Oct 09 12:43:52 EET 2019
                          false

	at ReviewBankAccountCreationByCommunityEmployeeAssertionMethod.run(ReviewBankAccountCreationByCommunityEmployeeAssertionMethod:44)
	at com.kms.katalon.core.main.ScriptEngine.run(ScriptEngine.java:194)
	at com.kms.katalon.core.main.ScriptEngine.runScriptAsRawText(ScriptEngine.java:119)
	at com.kms.katalon.core.main.TestCaseExecutor.runScript(TestCaseExecutor.java:331)
	at com.kms.katalon.core.main.TestCaseExecutor.doExecute(TestCaseExecutor.java:322)
	at com.kms.katalon.core.main.TestCaseExecutor.processExecutionPhase(TestCaseExecutor.java:301)
	at com.kms.katalon.core.main.TestCaseExecutor.accessMainPhase(TestCaseExecutor.java:293)
	at com.kms.katalon.core.main.TestCaseExecutor.execute(TestCaseExecutor.java:227)
	at com.kms.katalon.core.main.TestSuiteExecutor.accessTestCaseMainPhase(TestSuiteExecutor.java:129)
	at com.kms.katalon.core.main.TestSuiteExecutor.accessTestSuiteMainPhase(TestSuiteExecutor.java:112)
	at com.kms.katalon.core.main.TestSuiteExecutor.execute(TestSuiteExecutor.java:81)
	at com.kms.katalon.core.main.TestCaseMain.startTestSuite(TestCaseMain.java:157)
	at com.kms.katalon.core.main.TestCaseMain$startTestSuite$0.call(Unknown Source)
	at TempTestSuite1570617813263.run(TempTestSuite1570617813263.groovy:35)]]></system-err>
      </testcase>
      <testcase name="Test Cases/General/OpenMethods/OpenBankAccDetailsScreenByCommunityEmpMethod" classname="Test Cases/General/OpenMethods/OpenBankAccDetailsScreenByCommunityEmpMethod" status="PASSED">
         <system-out><![CDATA[2019-10-09 12:43:53 - [TEST_CASE][PASSED] - Test Cases/General/OpenMethods/OpenBankAccDetailsScreenByCommunityEmpMethod: Test Cases/General/OpenMethods/OpenBankAccDetailsScreenByCommunityEmpMethod

2019-10-09 12:43:53 - [TEST_STEP][PASSED] - click(findTestObject("ReviewAddBankAcc/Page_/DetailsButton")): Object: 'Object Repository/ReviewAddBankAcc/Page_/DetailsButton' is clicked on

2019-10-09 12:43:53 - [MESSAGE][PASSED] - Object: 'Object Repository/ReviewAddBankAcc/Page_/DetailsButton' is clicked on]]></system-out>
         <system-err><![CDATA[]]></system-err>
      </testcase>
      <testcase name="Test Cases/Reusable/Assertion/AssertOnEBCActionByCommunityEmployeeMethod" classname="Test Cases/Reusable/Assertion/AssertOnEBCActionByCommunityEmployeeMethod" status="FAILED">
         <failure type="FAILED" message="Test Cases/Reusable/Assertion/AssertOnEBCActionByCommunityEmployeeMethod FAILED.
Reason:
com.kms.katalon.core.exception.StepFailedException: Unable to get text of object 'Object Repository/ReviewAddBankAcc/Page_/TableConfirmationData'
	at com.kms.katalon.core.keyword.internal.KeywordMain.stepFailed(KeywordMain.groovy:48)
	at com.kms.katalon.core.webui.keyword.internal.WebUIKeywordMain.stepFailed(WebUIKeywordMain.groovy:65)
	at com.kms.katalon.core.webui.keyword.internal.WebUIKeywordMain.runKeyword(WebUIKeywordMain.groovy:27)
	at com.kms.katalon.core.webui.keyword.builtin.GetTextKeyword.getText(GetTextKeyword.groovy:88)
	at com.kms.katalon.core.webui.keyword.builtin.GetTextKeyword.execute(GetTextKeyword.groovy:67)
	at com.kms.katalon.core.keyword.internal.KeywordExecutor.executeKeywordForPlatform(KeywordExecutor.groovy:56)
	at com.kms.katalon.core.webui.keyword.WebUiBuiltInKeywords.getText(WebUiBuiltInKeywords.groovy:888)
	at com.kms.katalon.core.webui.keyword.WebUiBuiltInKeywords$getText$5.call(Unknown Source)
	at AssertOnEBCActionByCommunityEmployeeMethod.run(AssertOnEBCActionByCommunityEmployeeMethod:39)
	at com.kms.katalon.core.main.ScriptEngine.run(ScriptEngine.java:194)
	at com.kms.katalon.core.main.ScriptEngine.runScriptAsRawText(ScriptEngine.java:119)
	at com.kms.katalon.core.main.TestCaseExecutor.runScript(TestCaseExecutor.java:331)
	at com.kms.katalon.core.main.TestCaseExecutor.doExecute(TestCaseExecutor.java:322)
	at com.kms.katalon.core.main.TestCaseExecutor.processExecutionPhase(TestCaseExecutor.java:301)
	at com.kms.katalon.core.main.TestCaseExecutor.accessMainPhase(TestCaseExecutor.java:293)
	at com.kms.katalon.core.main.TestCaseExecutor.execute(TestCaseExecutor.java:227)
	at com.kms.katalon.core.main.TestSuiteExecutor.accessTestCaseMainPhase(TestSuiteExecutor.java:129)
	at com.kms.katalon.core.main.TestSuiteExecutor.accessTestSuiteMainPhase(TestSuiteExecutor.java:112)
	at com.kms.katalon.core.main.TestSuiteExecutor.execute(TestSuiteExecutor.java:81)
	at com.kms.katalon.core.main.TestCaseMain.startTestSuite(TestCaseMain.java:157)
	at com.kms.katalon.core.main.TestCaseMain$startTestSuite$0.call(Unknown Source)
	at TempTestSuite1570617813263.run(TempTestSuite1570617813263.groovy:35)
"/>
         <system-out><![CDATA[2019-10-09 12:43:53 - [TEST_CASE][FAILED] - Test Cases/Reusable/Assertion/AssertOnEBCActionByCommunityEmployeeMethod: Test Cases/Reusable/Assertion/AssertOnEBCActionByCommunityEmployeeMethod FAILED.
Reason:
com.kms.katalon.core.exception.StepFailedException: Unable to get text of object 'Object Repository/ReviewAddBankAcc/Page_/TableConfirmationData'
	at com.kms.katalon.core.keyword.internal.KeywordMain.stepFailed(KeywordMain.groovy:48)
	at com.kms.katalon.core.webui.keyword.internal.WebUIKeywordMain.stepFailed(WebUIKeywordMain.groovy:65)
	at com.kms.katalon.core.webui.keyword.internal.WebUIKeywordMain.runKeyword(WebUIKeywordMain.groovy:27)
	at com.kms.katalon.core.webui.keyword.builtin.GetTextKeyword.getText(GetTextKeyword.groovy:88)
	at com.kms.katalon.core.webui.keyword.builtin.GetTextKeyword.execute(GetTextKeyword.groovy:67)
	at com.kms.katalon.core.keyword.internal.KeywordExecutor.executeKeywordForPlatform(KeywordExecutor.groovy:56)
	at com.kms.katalon.core.webui.keyword.WebUiBuiltInKeywords.getText(WebUiBuiltInKeywords.groovy:888)
	at com.kms.katalon.core.webui.keyword.WebUiBuiltInKeywords$getText$5.call(Unknown Source)
	at AssertOnEBCActionByCommunityEmployeeMethod.run(AssertOnEBCActionByCommunityEmployeeMethod:39)
	at com.kms.katalon.core.main.ScriptEngine.run(ScriptEngine.java:194)
	at com.kms.katalon.core.main.ScriptEngine.runScriptAsRawText(ScriptEngine.java:119)
	at com.kms.katalon.core.main.TestCaseExecutor.runScript(TestCaseExecutor.java:331)
	at com.kms.katalon.core.main.TestCaseExecutor.doExecute(TestCaseExecutor.java:322)
	at com.kms.katalon.core.main.TestCaseExecutor.processExecutionPhase(TestCaseExecutor.java:301)
	at com.kms.katalon.core.main.TestCaseExecutor.accessMainPhase(TestCaseExecutor.java:293)
	at com.kms.katalon.core.main.TestCaseExecutor.execute(TestCaseExecutor.java:227)
	at com.kms.katalon.core.main.TestSuiteExecutor.accessTestCaseMainPhase(TestSuiteExecutor.java:129)
	at com.kms.katalon.core.main.TestSuiteExecutor.accessTestSuiteMainPhase(TestSuiteExecutor.java:112)
	at com.kms.katalon.core.main.TestSuiteExecutor.execute(TestSuiteExecutor.java:81)
	at com.kms.katalon.core.main.TestCaseMain.startTestSuite(TestCaseMain.java:157)
	at com.kms.katalon.core.main.TestCaseMain$startTestSuite$0.call(Unknown Source)
	at TempTestSuite1570617813263.run(TempTestSuite1570617813263.groovy:35)


2019-10-09 12:43:54 - [TEST_STEP][PASSED] - EBCTableData = <not implemented yet for class: org.codehaus.groovy.ast.expr.EmptyExpression>: null

2019-10-09 12:43:54 - [TEST_STEP][PASSED] - file = <not implemented yet for class: org.codehaus.groovy.ast.expr.EmptyExpression>: null

2019-10-09 12:43:54 - [TEST_STEP][PASSED] - file = new java.io.File(C:\Users\smart\Katalon Studio\BakeryManagementSystem.Share\Cash\BankAccountReviewStatus.txt): null

2019-10-09 12:43:54 - [TEST_STEP][PASSED] - BankAccountReviewstatus = file.readLines(): null

2019-10-09 12:43:54 - [TEST_STEP][PASSED] - file = new java.io.File(C:\Users\smart\Katalon Studio\BakeryManagementSystem.Share\Cash\ResultOfAccountNameReview.txt): null

2019-10-09 12:43:54 - [TEST_STEP][PASSED] - ActualAccountNameStatus = file.readLines(): null

2019-10-09 12:43:54 - [TEST_STEP][PASSED] - file = new java.io.File(C:\Users\smart\Katalon Studio\BakeryManagementSystem.Share\Cash\ResultOfAccountnumberReview.txt): null

2019-10-09 12:43:54 - [TEST_STEP][PASSED] - ActualAccountNumberStatus = file.readLines(): null

2019-10-09 12:43:54 - [TEST_STEP][FAILED] - EBCTableData = getText(findTestObject("ReviewAddBankAcc/Page_/TableConfirmationData")): EBCTableData = getText(findTestObject("ReviewAddBankAcc/Page_/TableConfirmationData")) FAILED.
Reason:
com.kms.katalon.core.exception.StepFailedException: Unable to get text of object 'Object Repository/ReviewAddBankAcc/Page_/TableConfirmationData'
	at com.kms.katalon.core.keyword.internal.KeywordMain.stepFailed(KeywordMain.groovy:48)
	at com.kms.katalon.core.webui.keyword.internal.WebUIKeywordMain.stepFailed(WebUIKeywordMain.groovy:65)
	at com.kms.katalon.core.webui.keyword.internal.WebUIKeywordMain.runKeyword(WebUIKeywordMain.groovy:27)
	at com.kms.katalon.core.webui.keyword.builtin.GetTextKeyword.getText(GetTextKeyword.groovy:88)
	at com.kms.katalon.core.webui.keyword.builtin.GetTextKeyword.execute(GetTextKeyword.groovy:67)
	at com.kms.katalon.core.keyword.internal.KeywordExecutor.executeKeywordForPlatform(KeywordExecutor.groovy:56)
	at com.kms.katalon.core.webui.keyword.WebUiBuiltInKeywords.getText(WebUiBuiltInKeywords.groovy:888)
	at com.kms.katalon.core.webui.keyword.WebUiBuiltInKeywords$getText$5.call(Unknown Source)
	at AssertOnEBCActionByCommunityEmployeeMethod.run(AssertOnEBCActionByCommunityEmployeeMethod:39)
	at com.kms.katalon.core.main.ScriptEngine.run(ScriptEngine.java:194)
	at com.kms.katalon.core.main.ScriptEngine.runScriptAsRawText(ScriptEngine.java:119)
	at com.kms.katalon.core.main.TestCaseExecutor.runScript(TestCaseExecutor.java:331)
	at com.kms.katalon.core.main.TestCaseExecutor.doExecute(TestCaseExecutor.java:322)
	at com.kms.katalon.core.main.TestCaseExecutor.processExecutionPhase(TestCaseExecutor.java:301)
	at com.kms.katalon.core.main.TestCaseExecutor.accessMainPhase(TestCaseExecutor.java:293)
	at com.kms.katalon.core.main.TestCaseExecutor.execute(TestCaseExecutor.java:227)
	at com.kms.katalon.core.main.TestSuiteExecutor.accessTestCaseMainPhase(TestSuiteExecutor.java:129)
	at com.kms.katalon.core.main.TestSuiteExecutor.accessTestSuiteMainPhase(TestSuiteExecutor.java:112)
	at com.kms.katalon.core.main.TestSuiteExecutor.execute(TestSuiteExecutor.java:81)
	at com.kms.katalon.core.main.TestCaseMain.startTestSuite(TestCaseMain.java:157)
	at com.kms.katalon.core.main.TestCaseMain$startTestSuite$0.call(Unknown Source)
	at TempTestSuite1570617813263.run(TempTestSuite1570617813263.groovy:35)


2019-10-09 12:44:25 - [MESSAGE][INFO] - Unable to find the element located by 'By.xpath: //table[@id = 'SaveForm:j_idt80' and @role = 'grid']'. Please recheck the objects properties to make sure the desired element is located. 

2019-10-09 12:44:26 - [MESSAGE][FAILED] - Unable to get text of object 'Object Repository/ReviewAddBankAcc/Page_/TableConfirmationData'
[[ATTACHMENT|C:\\Users\\smart\\Katalon Studio\\BakeryManagementSystem.Share\\Reports\\TestSuites\\EditBankAccountForBakery - Copy\\20191009_124333\\1570617865737.png]]

2019-10-09 12:44:26 - [MESSAGE][FAILED] - EBCTableData = getText(findTestObject("ReviewAddBankAcc/Page_/TableConfirmationData")) FAILED.
Reason:
com.kms.katalon.core.exception.StepFailedException: Unable to get text of object 'Object Repository/ReviewAddBankAcc/Page_/TableConfirmationData'
	at com.kms.katalon.core.keyword.internal.KeywordMain.stepFailed(KeywordMain.groovy:48)
	at com.kms.katalon.core.webui.keyword.internal.WebUIKeywordMain.stepFailed(WebUIKeywordMain.groovy:65)
	at com.kms.katalon.core.webui.keyword.internal.WebUIKeywordMain.runKeyword(WebUIKeywordMain.groovy:27)
	at com.kms.katalon.core.webui.keyword.builtin.GetTextKeyword.getText(GetTextKeyword.groovy:88)
	at com.kms.katalon.core.webui.keyword.builtin.GetTextKeyword.execute(GetTextKeyword.groovy:67)
	at com.kms.katalon.core.keyword.internal.KeywordExecutor.executeKeywordForPlatform(KeywordExecutor.groovy:56)
	at com.kms.katalon.core.webui.keyword.WebUiBuiltInKeywords.getText(WebUiBuiltInKeywords.groovy:888)
	at com.kms.katalon.core.webui.keyword.WebUiBuiltInKeywords$getText$5.call(Unknown Source)
	at AssertOnEBCActionByCommunityEmployeeMethod.run(AssertOnEBCActionByCommunityEmployeeMethod:39)
	at com.kms.katalon.core.main.ScriptEngine.run(ScriptEngine.java:194)
	at com.kms.katalon.core.main.ScriptEngine.runScriptAsRawText(ScriptEngine.java:119)
	at com.kms.katalon.core.main.TestCaseExecutor.runScript(TestCaseExecutor.java:331)
	at com.kms.katalon.core.main.TestCaseExecutor.doExecute(TestCaseExecutor.java:322)
	at com.kms.katalon.core.main.TestCaseExecutor.processExecutionPhase(TestCaseExecutor.java:301)
	at com.kms.katalon.core.main.TestCaseExecutor.accessMainPhase(TestCaseExecutor.java:293)
	at com.kms.katalon.core.main.TestCaseExecutor.execute(TestCaseExecutor.java:227)
	at com.kms.katalon.core.main.TestSuiteExecutor.accessTestCaseMainPhase(TestSuiteExecutor.java:129)
	at com.kms.katalon.core.main.TestSuiteExecutor.accessTestSuiteMainPhase(TestSuiteExecutor.java:112)
	at com.kms.katalon.core.main.TestSuiteExecutor.execute(TestSuiteExecutor.java:81)
	at com.kms.katalon.core.main.TestCaseMain.startTestSuite(TestCaseMain.java:157)
	at com.kms.katalon.core.main.TestCaseMain$startTestSuite$0.call(Unknown Source)
	at TempTestSuite1570617813263.run(TempTestSuite1570617813263.groovy:35)]]></system-out>
         <system-err><![CDATA[2019-10-09 12:43:53 - [TEST_CASE][FAILED] - Test Cases/Reusable/Assertion/AssertOnEBCActionByCommunityEmployeeMethod: Test Cases/Reusable/Assertion/AssertOnEBCActionByCommunityEmployeeMethod FAILED.
Reason:
com.kms.katalon.core.exception.StepFailedException: Unable to get text of object 'Object Repository/ReviewAddBankAcc/Page_/TableConfirmationData'
	at com.kms.katalon.core.keyword.internal.KeywordMain.stepFailed(KeywordMain.groovy:48)
	at com.kms.katalon.core.webui.keyword.internal.WebUIKeywordMain.stepFailed(WebUIKeywordMain.groovy:65)
	at com.kms.katalon.core.webui.keyword.internal.WebUIKeywordMain.runKeyword(WebUIKeywordMain.groovy:27)
	at com.kms.katalon.core.webui.keyword.builtin.GetTextKeyword.getText(GetTextKeyword.groovy:88)
	at com.kms.katalon.core.webui.keyword.builtin.GetTextKeyword.execute(GetTextKeyword.groovy:67)
	at com.kms.katalon.core.keyword.internal.KeywordExecutor.executeKeywordForPlatform(KeywordExecutor.groovy:56)
	at com.kms.katalon.core.webui.keyword.WebUiBuiltInKeywords.getText(WebUiBuiltInKeywords.groovy:888)
	at com.kms.katalon.core.webui.keyword.WebUiBuiltInKeywords$getText$5.call(Unknown Source)
	at AssertOnEBCActionByCommunityEmployeeMethod.run(AssertOnEBCActionByCommunityEmployeeMethod:39)
	at com.kms.katalon.core.main.ScriptEngine.run(ScriptEngine.java:194)
	at com.kms.katalon.core.main.ScriptEngine.runScriptAsRawText(ScriptEngine.java:119)
	at com.kms.katalon.core.main.TestCaseExecutor.runScript(TestCaseExecutor.java:331)
	at com.kms.katalon.core.main.TestCaseExecutor.doExecute(TestCaseExecutor.java:322)
	at com.kms.katalon.core.main.TestCaseExecutor.processExecutionPhase(TestCaseExecutor.java:301)
	at com.kms.katalon.core.main.TestCaseExecutor.accessMainPhase(TestCaseExecutor.java:293)
	at com.kms.katalon.core.main.TestCaseExecutor.execute(TestCaseExecutor.java:227)
	at com.kms.katalon.core.main.TestSuiteExecutor.accessTestCaseMainPhase(TestSuiteExecutor.java:129)
	at com.kms.katalon.core.main.TestSuiteExecutor.accessTestSuiteMainPhase(TestSuiteExecutor.java:112)
	at com.kms.katalon.core.main.TestSuiteExecutor.execute(TestSuiteExecutor.java:81)
	at com.kms.katalon.core.main.TestCaseMain.startTestSuite(TestCaseMain.java:157)
	at com.kms.katalon.core.main.TestCaseMain$startTestSuite$0.call(Unknown Source)
	at TempTestSuite1570617813263.run(TempTestSuite1570617813263.groovy:35)]]></system-err>
      </testcase>
      <testcase name="Test Cases/SpecificTab/CreateModifyBankAccountForBakeryMethod/AcceptBankAccRequestByCommunityEmpMethod" classname="Test Cases/SpecificTab/CreateModifyBankAccountForBakeryMethod/AcceptBankAccRequestByCommunityEmpMethod" status="PASSED">
         <system-out><![CDATA[2019-10-09 12:44:26 - [TEST_CASE][PASSED] - Test Cases/SpecificTab/CreateModifyBankAccountForBakeryMethod/AcceptBankAccRequestByCommunityEmpMethod: Test Cases/SpecificTab/CreateModifyBankAccountForBakeryMethod/AcceptBankAccRequestByCommunityEmpMethod

2019-10-09 12:44:26 - [TEST_STEP][PASSED] - click(findTestObject("ReviewAddBankAcc/Page_/AcceptButton")): Object: 'Object Repository/ReviewAddBankAcc/Page_/AcceptButton' is clicked on

2019-10-09 12:44:26 - [MESSAGE][PASSED] - Object: 'Object Repository/ReviewAddBankAcc/Page_/AcceptButton' is clicked on]]></system-out>
         <system-err><![CDATA[]]></system-err>
      </testcase>
      <testcase name="Test Cases/General/CloseMethod/CloseBrowserMethod" classname="Test Cases/General/CloseMethod/CloseBrowserMethod" status="PASSED">
         <system-out><![CDATA[2019-10-09 12:44:26 - [TEST_CASE][PASSED] - Test Cases/General/CloseMethod/CloseBrowserMethod: Test Cases/General/CloseMethod/CloseBrowserMethod

2019-10-09 12:44:26 - [TEST_STEP][PASSED] - closeBrowser(): Browser is closed

2019-10-09 12:44:27 - [MESSAGE][PASSED] - Browser is closed]]></system-out>
         <system-err><![CDATA[]]></system-err>
      </testcase>
      <testcase name="Test Cases/General/OpenMethods/OpenBakerySystemByDirectorateEmployeeMethod" classname="Test Cases/General/OpenMethods/OpenBakerySystemByDirectorateEmployeeMethod" status="PASSED">
         <system-out><![CDATA[2019-10-09 12:44:27 - [TEST_CASE][PASSED] - Test Cases/General/OpenMethods/OpenBakerySystemByDirectorateEmployeeMethod: Test Cases/General/OpenMethods/OpenBakerySystemByDirectorateEmployeeMethod

2019-10-09 12:44:27 - [TEST_STEP][PASSED] - openBrowser(""): Browser is opened with url: ''

2019-10-09 12:44:27 - [MESSAGE][INFO] - Starting 'Chrome' driver

2019-10-09 12:44:30 - [MESSAGE][PASSED] - Browser is opened with url: ''

2019-10-09 12:44:30 - [TEST_STEP][PASSED] - navigateToUrl("http://81.29.102.138:7001/bakeriessystem/login.jsf"): Navigate to 'http://81.29.102.138:7001/bakeriessystem/login.jsf' successfully

2019-10-09 12:44:32 - [MESSAGE][PASSED] - Navigate to 'http://81.29.102.138:7001/bakeriessystem/login.jsf' successfully

2019-10-09 12:44:32 - [TEST_STEP][PASSED] - maximizeWindow(): Current window maximized

2019-10-09 12:44:33 - [MESSAGE][PASSED] - Current window maximized

2019-10-09 12:44:33 - [TEST_STEP][PASSED] - setText(findTestObject("Object Repository/Login/Page_/input__username"), findTestData("BakeryDataFileDirectorateAndCommodityEmployee").getValue(1, 1)): Text 'BM0442' is set on object 'Object Repository/Login/Page_/input__username'

2019-10-09 12:44:33 - [MESSAGE][PASSED] - Text 'BM0442' is set on object 'Object Repository/Login/Page_/input__username'

2019-10-09 12:44:33 - [TEST_STEP][PASSED] - setEncryptedText(findTestObject("Object Repository/Login/Page_/input__password"), findTestData("BakeryDataFileDirectorateAndCommodityEmployee").getValue(2, 1)): Text ****** has been set on object 'Object Repository/Login/Page_/input__password'

2019-10-09 12:44:34 - [MESSAGE][PASSED] - Text ****** has been set on object 'Object Repository/Login/Page_/input__password'

2019-10-09 12:44:34 - [TEST_STEP][PASSED] - click(findTestObject("Object Repository/Login/Page_/span_")): Object: 'Object Repository/Login/Page_/span_' is clicked on

2019-10-09 12:44:36 - [MESSAGE][PASSED] - Object: 'Object Repository/Login/Page_/span_' is clicked on

2019-10-09 12:44:36 - [TEST_STEP][PASSED] - waitForPageLoad(3): Wait for page load successfully

2019-10-09 12:44:36 - [MESSAGE][PASSED] - Wait for page load successfully]]></system-out>
         <system-err><![CDATA[]]></system-err>
      </testcase>
      <testcase name="Test Cases/General/OpenMethods/OpenCreateModifyBankAccountForBakeryTabMethod" classname="Test Cases/General/OpenMethods/OpenCreateModifyBankAccountForBakeryTabMethod" status="PASSED">
         <system-out><![CDATA[2019-10-09 12:44:36 - [TEST_CASE][PASSED] - Test Cases/General/OpenMethods/OpenCreateModifyBankAccountForBakeryTabMethod: Test Cases/General/OpenMethods/OpenCreateModifyBankAccountForBakeryTabMethod

2019-10-09 12:44:37 - [TEST_STEP][PASSED] - navigateToUrl("http://81.29.102.138:7001/bakeriessystem/manager/EditBakeryAccount.jsf"): Navigate to 'http://81.29.102.138:7001/bakeriessystem/manager/EditBakeryAccount.jsf' successfully

2019-10-09 12:44:38 - [MESSAGE][PASSED] - Navigate to 'http://81.29.102.138:7001/bakeriessystem/manager/EditBakeryAccount.jsf' successfully]]></system-out>
         <system-err><![CDATA[]]></system-err>
      </testcase>
      <testcase name="Test Cases/SpecificTab/CreateModifyBankAccountForBakeryMethod/SearchForBakeryCodeByCommodityEmployee-Edit" classname="Test Cases/SpecificTab/CreateModifyBankAccountForBakeryMethod/SearchForBakeryCodeByCommodityEmployee-Edit" status="PASSED">
         <system-out><![CDATA[2019-10-09 12:44:38 - [TEST_CASE][PASSED] - Test Cases/SpecificTab/CreateModifyBankAccountForBakeryMethod/SearchForBakeryCodeByCommodityEmployee-Edit: Test Cases/SpecificTab/CreateModifyBankAccountForBakeryMethod/SearchForBakeryCodeByCommodityEmployee-Edit

2019-10-09 12:44:38 - [TEST_STEP][PASSED] - file = new java.io.File(C:\Users\smart\Katalon Studio\BakeryManagementSystem.Share\Cash\BakeryHaveBankAccount.txt): null

2019-10-09 12:44:38 - [TEST_STEP][PASSED] - BakeryHaveBankAccount = file.readLines(): null

2019-10-09 12:44:38 - [TEST_STEP][PASSED] - BakeryHaveBankAccount = BakeryHaveBankAccount.replaceAll("[^\d]", ""): null

2019-10-09 12:44:38 - [TEST_STEP][PASSED] - setText(findTestObject("ReviewAddBankAcc/Page_/Review-BakeryCodeSearchField"), BakeryHaveBankAccount): Text '900006' is set on object 'Object Repository/ReviewAddBankAcc/Page_/Review-BakeryCodeSearchField'

2019-10-09 12:44:38 - [MESSAGE][PASSED] - Text '900006' is set on object 'Object Repository/ReviewAddBankAcc/Page_/Review-BakeryCodeSearchField'

2019-10-09 12:44:38 - [TEST_STEP][PASSED] - click(findTestObject("ReviewAddBankAcc/Page_/Review-SearchButton")): Object: 'Object Repository/ReviewAddBankAcc/Page_/Review-SearchButton' is clicked on

2019-10-09 12:44:38 - [MESSAGE][PASSED] - Object: 'Object Repository/ReviewAddBankAcc/Page_/Review-SearchButton' is clicked on]]></system-out>
         <system-err><![CDATA[]]></system-err>
      </testcase>
      <testcase name="Test Cases/Reusable/Assertion/CanAccessBankAccontTabAssertionMethod" classname="Test Cases/Reusable/Assertion/CanAccessBankAccontTabAssertionMethod" status="PASSED">
         <system-out><![CDATA[2019-10-09 12:44:38 - [TEST_CASE][PASSED] - Test Cases/Reusable/Assertion/CanAccessBankAccontTabAssertionMethod: Test Cases/Reusable/Assertion/CanAccessBankAccontTabAssertionMethod

2019-10-09 12:44:39 - [TEST_STEP][PASSED] - click(findTestObject("BankAccDataField/Page_ (1)/BankAccountDataTab")): Object: 'Object Repository/BankAccDataField/Page_ (1)/BankAccountDataTab' is clicked on

2019-10-09 12:44:39 - [MESSAGE][PASSED] - Object: 'Object Repository/BankAccDataField/Page_ (1)/BankAccountDataTab' is clicked on

2019-10-09 12:44:39 - [TEST_STEP][PASSED] - verifyElementPresent(findTestObject("BankAccDataField/Page_ (1)/BankAccountDataTab"), 0): Object 'Object Repository/BankAccDataField/Page_ (1)/BankAccountDataTab' is present

2019-10-09 12:44:39 - [MESSAGE][WARNING] - Timeout '0' is invalid. Using default page load timeout: '30'

2019-10-09 12:45:11 - [MESSAGE][PASSED] - Object 'Object Repository/BankAccDataField/Page_ (1)/BankAccountDataTab' is present]]></system-out>
         <system-err><![CDATA[]]></system-err>
      </testcase>
      <system-out><![CDATA[2019-10-09 12:43:36 - [TEST_SUITE][FAILED] - EditBankAccountForBakery - Copy: Test Cases/Reusable/Assertion/ReviewBankAccountCreationByCommunityEmployeeAssertionMethod FAILED.
Reason:
Assertion failed: 

assert ActualCreationDate == today.format('MM/dd/yyyy')
       |                  |  |     |
       09/10/2019         |  |     10/09/2019
                          |  Wed Oct 09 12:43:52 EET 2019
                          false

	at ReviewBankAccountCreationByCommunityEmployeeAssertionMethod.run(ReviewBankAccountCreationByCommunityEmployeeAssertionMethod:44)
	at com.kms.katalon.core.main.ScriptEngine.run(ScriptEngine.java:194)
	at com.kms.katalon.core.main.ScriptEngine.runScriptAsRawText(ScriptEngine.java:119)
	at com.kms.katalon.core.main.TestCaseExecutor.runScript(TestCaseExecutor.java:331)
	at com.kms.katalon.core.main.TestCaseExecutor.doExecute(TestCaseExecutor.java:322)
	at com.kms.katalon.core.main.TestCaseExecutor.processExecutionPhase(TestCaseExecutor.java:301)
	at com.kms.katalon.core.main.TestCaseExecutor.accessMainPhase(TestCaseExecutor.java:293)
	at com.kms.katalon.core.main.TestCaseExecutor.execute(TestCaseExecutor.java:227)
	at com.kms.katalon.core.main.TestSuiteExecutor.accessTestCaseMainPhase(TestSuiteExecutor.java:129)
	at com.kms.katalon.core.main.TestSuiteExecutor.accessTestSuiteMainPhase(TestSuiteExecutor.java:112)
	at com.kms.katalon.core.main.TestSuiteExecutor.execute(TestSuiteExecutor.java:81)
	at com.kms.katalon.core.main.TestCaseMain.startTestSuite(TestCaseMain.java:157)
	at com.kms.katalon.core.main.TestCaseMain$startTestSuite$0.call(Unknown Source)
	at TempTestSuite1570617813263.run(TempTestSuite1570617813263.groovy:35)]]></system-out>
      <system-err><![CDATA[2019-10-09 12:43:36 - [TEST_SUITE][FAILED] - EditBankAccountForBakery - Copy: Test Cases/Reusable/Assertion/ReviewBankAccountCreationByCommunityEmployeeAssertionMethod FAILED.
Reason:
Assertion failed: 

assert ActualCreationDate == today.format('MM/dd/yyyy')
       |                  |  |     |
       09/10/2019         |  |     10/09/2019
                          |  Wed Oct 09 12:43:52 EET 2019
                          false

	at ReviewBankAccountCreationByCommunityEmployeeAssertionMethod.run(ReviewBankAccountCreationByCommunityEmployeeAssertionMethod:44)
	at com.kms.katalon.core.main.ScriptEngine.run(ScriptEngine.java:194)
	at com.kms.katalon.core.main.ScriptEngine.runScriptAsRawText(ScriptEngine.java:119)
	at com.kms.katalon.core.main.TestCaseExecutor.runScript(TestCaseExecutor.java:331)
	at com.kms.katalon.core.main.TestCaseExecutor.doExecute(TestCaseExecutor.java:322)
	at com.kms.katalon.core.main.TestCaseExecutor.processExecutionPhase(TestCaseExecutor.java:301)
	at com.kms.katalon.core.main.TestCaseExecutor.accessMainPhase(TestCaseExecutor.java:293)
	at com.kms.katalon.core.main.TestCaseExecutor.execute(TestCaseExecutor.java:227)
	at com.kms.katalon.core.main.TestSuiteExecutor.accessTestCaseMainPhase(TestSuiteExecutor.java:129)
	at com.kms.katalon.core.main.TestSuiteExecutor.accessTestSuiteMainPhase(TestSuiteExecutor.java:112)
	at com.kms.katalon.core.main.TestSuiteExecutor.execute(TestSuiteExecutor.java:81)
	at com.kms.katalon.core.main.TestCaseMain.startTestSuite(TestCaseMain.java:157)
	at com.kms.katalon.core.main.TestCaseMain$startTestSuite$0.call(Unknown Source)
	at TempTestSuite1570617813263.run(TempTestSuite1570617813263.groovy:35)]]></system-err>
   </testsuite>
</testsuites>
