<?xml version="1.0" encoding="UTF-8"?>
<testsuites name="IncreaseInsuranceBagsCouta" time="22" tests="2" failures="0" errors="2">
   <testsuite name="IncreaseInsuranceBagsCouta" tests="2" failures="0" errors="2" time="22" timestamp="2019-11-17 10:13:36" hostname="smart - Sara-IT" id="Test Suites/TestSuites/IncreaseInsuranceBagsCouta">
      <properties>
         <property name="deviceName" value=""/>
         <property name="devicePlatform" value=""/>
         <property name="logFolder" value="C:\\Users\\smart\\Katalon Studio\\BakeryManagementSystem\\Reports\\TestSuites\\IncreaseInsuranceBagsCouta\\20191117_101331"/>
         <property name="logFiles" value="C:\\Users\\smart\\Katalon Studio\\BakeryManagementSystem\\Reports\\TestSuites\\IncreaseInsuranceBagsCouta\\20191117_101331\\execution0.log"/>
         <property name="attachments" value=""/>
         <property name="hostName" value="smart - Sara-IT"/>
         <property name="os" value="Windows 10 64bit"/>
         <property name="katalonVersion" value="6.0.5.10"/>
         <property name="browser" value="Chrome 77.0.3865.90"/>
         <property name="hostAddress" value="10.43.30.179"/>
         <property name="sessionId" value="c36e315c02883c9cd79852e750c6eade"/>
         <property name="seleniumVersion" value="3.7.1"/>
         <property name="proxyInformation" value="ProxyInformation{proxyOption=NO_PROXY, proxyServerType=HTTP, password=, proxyServerAddress=, proxyServerPort=0}"/>
         <property name="platform" value="Windows 10"/>
      </properties>
      <testcase name="Test Cases/General/GetData/IncreaseInsuranceCoutaGetData" classname="Test Cases/General/GetData/IncreaseInsuranceCoutaGetData" status="ERROR">
         <error type="ERROR" message="Test Cases/General/GetData/IncreaseInsuranceCoutaGetData FAILED.
Reason:
org.codehaus.groovy.runtime.InvokerInvocationException: java.sql.SQLException: Listener refused the connection with the following error:
ORA-12516, TNS:listener could not find available handler with matching protocol stack
 
	at dataBaseConnection.GetOracleQueryResult.invokeMethod(GetOracleQueryResult.groovy)
	at com.kms.katalon.core.main.CustomKeywordDelegatingMetaClass.invokeStaticMethod(CustomKeywordDelegatingMetaClass.java:49)
	at IncreaseInsuranceCoutaGetData.run(IncreaseInsuranceCoutaGetData:23)
	at com.kms.katalon.core.main.ScriptEngine.run(ScriptEngine.java:194)
	at com.kms.katalon.core.main.ScriptEngine.runScriptAsRawText(ScriptEngine.java:119)
	at com.kms.katalon.core.main.TestCaseExecutor.runScript(TestCaseExecutor.java:331)
	at com.kms.katalon.core.main.TestCaseExecutor.doExecute(TestCaseExecutor.java:322)
	at com.kms.katalon.core.main.TestCaseExecutor.processExecutionPhase(TestCaseExecutor.java:301)
	at com.kms.katalon.core.main.TestCaseExecutor.accessMainPhase(TestCaseExecutor.java:293)
	at com.kms.katalon.core.main.TestCaseExecutor.execute(TestCaseExecutor.java:227)
	at com.kms.katalon.core.main.TestSuiteExecutor.accessTestCaseMainPhase(TestSuiteExecutor.java:129)
	at com.kms.katalon.core.main.TestSuiteExecutor.accessTestSuiteMainPhase(TestSuiteExecutor.java:112)
	at com.kms.katalon.core.main.TestSuiteExecutor.execute(TestSuiteExecutor.java:81)
	at com.kms.katalon.core.main.TestCaseMain.startTestSuite(TestCaseMain.java:157)
	at com.kms.katalon.core.main.TestCaseMain$startTestSuite$0.call(Unknown Source)
	at TempTestSuite1573978411984.run(TempTestSuite1573978411984.groovy:35)
Caused by: java.sql.SQLException: Listener refused the connection with the following error:
ORA-12516, TNS:listener could not find available handler with matching protocol stack
 
	at oracle.jdbc.driver.T4CConnection.logon(T4CConnection.java:743)
	at oracle.jdbc.driver.PhysicalConnection.connect(PhysicalConnection.java:666)
	at oracle.jdbc.driver.T4CDriverExtension.getConnection(T4CDriverExtension.java:32)
	at oracle.jdbc.driver.OracleDriver.connect(OracleDriver.java:566)
	at dataBaseConnection.GetOracleQueryResult.conectsql(GetOracleQueryResult.groovy:32)
	at dataBaseConnection.GetOracleQueryResult.invokeMethod(GetOracleQueryResult.groovy)
	at com.kms.katalon.core.main.CustomKeywordDelegatingMetaClass.invokeStaticMethod(CustomKeywordDelegatingMetaClass.java:49)
	at Script1573725672625.run(Script1573725672625.groovy:23)
	... 13 more
Caused by: oracle.net.ns.NetException: Listener refused the connection with the following error:
ORA-12516, TNS:listener could not find available handler with matching protocol stack
 
	at oracle.net.ns.NSProtocolStream.negotiateConnection(NSProtocolStream.java:275)
	at oracle.net.ns.NSProtocol.connect(NSProtocol.java:264)
	at oracle.jdbc.driver.T4CConnection.connect(T4CConnection.java:1452)
	at oracle.jdbc.driver.T4CConnection.logon(T4CConnection.java:496)
	... 20 more
"/>
         <system-out><![CDATA[2019-11-17 10:13:36 - [TEST_CASE][ERROR] - Test Cases/General/GetData/IncreaseInsuranceCoutaGetData: Test Cases/General/GetData/IncreaseInsuranceCoutaGetData FAILED.
Reason:
org.codehaus.groovy.runtime.InvokerInvocationException: java.sql.SQLException: Listener refused the connection with the following error:
ORA-12516, TNS:listener could not find available handler with matching protocol stack
 
	at dataBaseConnection.GetOracleQueryResult.invokeMethod(GetOracleQueryResult.groovy)
	at com.kms.katalon.core.main.CustomKeywordDelegatingMetaClass.invokeStaticMethod(CustomKeywordDelegatingMetaClass.java:49)
	at IncreaseInsuranceCoutaGetData.run(IncreaseInsuranceCoutaGetData:23)
	at com.kms.katalon.core.main.ScriptEngine.run(ScriptEngine.java:194)
	at com.kms.katalon.core.main.ScriptEngine.runScriptAsRawText(ScriptEngine.java:119)
	at com.kms.katalon.core.main.TestCaseExecutor.runScript(TestCaseExecutor.java:331)
	at com.kms.katalon.core.main.TestCaseExecutor.doExecute(TestCaseExecutor.java:322)
	at com.kms.katalon.core.main.TestCaseExecutor.processExecutionPhase(TestCaseExecutor.java:301)
	at com.kms.katalon.core.main.TestCaseExecutor.accessMainPhase(TestCaseExecutor.java:293)
	at com.kms.katalon.core.main.TestCaseExecutor.execute(TestCaseExecutor.java:227)
	at com.kms.katalon.core.main.TestSuiteExecutor.accessTestCaseMainPhase(TestSuiteExecutor.java:129)
	at com.kms.katalon.core.main.TestSuiteExecutor.accessTestSuiteMainPhase(TestSuiteExecutor.java:112)
	at com.kms.katalon.core.main.TestSuiteExecutor.execute(TestSuiteExecutor.java:81)
	at com.kms.katalon.core.main.TestCaseMain.startTestSuite(TestCaseMain.java:157)
	at com.kms.katalon.core.main.TestCaseMain$startTestSuite$0.call(Unknown Source)
	at TempTestSuite1573978411984.run(TempTestSuite1573978411984.groovy:35)
Caused by: java.sql.SQLException: Listener refused the connection with the following error:
ORA-12516, TNS:listener could not find available handler with matching protocol stack
 
	at oracle.jdbc.driver.T4CConnection.logon(T4CConnection.java:743)
	at oracle.jdbc.driver.PhysicalConnection.connect(PhysicalConnection.java:666)
	at oracle.jdbc.driver.T4CDriverExtension.getConnection(T4CDriverExtension.java:32)
	at oracle.jdbc.driver.OracleDriver.connect(OracleDriver.java:566)
	at dataBaseConnection.GetOracleQueryResult.conectsql(GetOracleQueryResult.groovy:32)
	at dataBaseConnection.GetOracleQueryResult.invokeMethod(GetOracleQueryResult.groovy)
	at com.kms.katalon.core.main.CustomKeywordDelegatingMetaClass.invokeStaticMethod(CustomKeywordDelegatingMetaClass.java:49)
	at Script1573725672625.run(Script1573725672625.groovy:23)
	... 13 more
Caused by: oracle.net.ns.NetException: Listener refused the connection with the following error:
ORA-12516, TNS:listener could not find available handler with matching protocol stack
 
	at oracle.net.ns.NSProtocolStream.negotiateConnection(NSProtocolStream.java:275)
	at oracle.net.ns.NSProtocol.connect(NSProtocol.java:264)
	at oracle.jdbc.driver.T4CConnection.connect(T4CConnection.java:1452)
	at oracle.jdbc.driver.T4CConnection.logon(T4CConnection.java:496)
	... 20 more


2019-11-17 10:13:37 - [TEST_STEP][PASSED] - Query = <not implemented yet for class: org.codehaus.groovy.ast.expr.EmptyExpression>: null

2019-11-17 10:13:37 - [TEST_STEP][PASSED] - Query = "select * from base_bakery b inner join bakery_ach_data ach on b.BAKERY_CODE = ach.bakery_code where b.governorate_code=03 and b.status=0 and b.BAKERY_CODE not in( select BAKERY_CODE from REQ_BAKERY_ACH_DATA rbb,Requests r where rbb.REQ_CODE = r.REQ_CODE and r.REQ_CHANNEL=" + "'" + "BAKERY_ACC" + "' and r.REQ_STATUS =" + "'" + "FR_APRV" + "' and r.APP_TYPE=1);": null

2019-11-17 10:13:37 - [TEST_STEP][ERROR] - dataBaseConnection.GetOracleQueryResult.conectsql("SupplyCard", "smart999", Query, "GetBackeryCode.txt"): dataBaseConnection.GetOracleQueryResult.conectsql("SupplyCard", "smart999", Query, "GetBackeryCode.txt") FAILED.
Reason:
org.codehaus.groovy.runtime.InvokerInvocationException: java.sql.SQLException: Listener refused the connection with the following error:
ORA-12516, TNS:listener could not find available handler with matching protocol stack
 
	at dataBaseConnection.GetOracleQueryResult.invokeMethod(GetOracleQueryResult.groovy)
	at com.kms.katalon.core.main.CustomKeywordDelegatingMetaClass.invokeStaticMethod(CustomKeywordDelegatingMetaClass.java:49)
	at IncreaseInsuranceCoutaGetData.run(IncreaseInsuranceCoutaGetData:23)
	at com.kms.katalon.core.main.ScriptEngine.run(ScriptEngine.java:194)
	at com.kms.katalon.core.main.ScriptEngine.runScriptAsRawText(ScriptEngine.java:119)
	at com.kms.katalon.core.main.TestCaseExecutor.runScript(TestCaseExecutor.java:331)
	at com.kms.katalon.core.main.TestCaseExecutor.doExecute(TestCaseExecutor.java:322)
	at com.kms.katalon.core.main.TestCaseExecutor.processExecutionPhase(TestCaseExecutor.java:301)
	at com.kms.katalon.core.main.TestCaseExecutor.accessMainPhase(TestCaseExecutor.java:293)
	at com.kms.katalon.core.main.TestCaseExecutor.execute(TestCaseExecutor.java:227)
	at com.kms.katalon.core.main.TestSuiteExecutor.accessTestCaseMainPhase(TestSuiteExecutor.java:129)
	at com.kms.katalon.core.main.TestSuiteExecutor.accessTestSuiteMainPhase(TestSuiteExecutor.java:112)
	at com.kms.katalon.core.main.TestSuiteExecutor.execute(TestSuiteExecutor.java:81)
	at com.kms.katalon.core.main.TestCaseMain.startTestSuite(TestCaseMain.java:157)
	at com.kms.katalon.core.main.TestCaseMain$startTestSuite$0.call(Unknown Source)
	at TempTestSuite1573978411984.run(TempTestSuite1573978411984.groovy:35)
Caused by: java.sql.SQLException: Listener refused the connection with the following error:
ORA-12516, TNS:listener could not find available handler with matching protocol stack
 
	at oracle.jdbc.driver.T4CConnection.logon(T4CConnection.java:743)
	at oracle.jdbc.driver.PhysicalConnection.connect(PhysicalConnection.java:666)
	at oracle.jdbc.driver.T4CDriverExtension.getConnection(T4CDriverExtension.java:32)
	at oracle.jdbc.driver.OracleDriver.connect(OracleDriver.java:566)
	at dataBaseConnection.GetOracleQueryResult.conectsql(GetOracleQueryResult.groovy:32)
	at dataBaseConnection.GetOracleQueryResult.invokeMethod(GetOracleQueryResult.groovy)
	at com.kms.katalon.core.main.CustomKeywordDelegatingMetaClass.invokeStaticMethod(CustomKeywordDelegatingMetaClass.java:49)
	at Script1573725672625.run(Script1573725672625.groovy:23)
	... 13 more
Caused by: oracle.net.ns.NetException: Listener refused the connection with the following error:
ORA-12516, TNS:listener could not find available handler with matching protocol stack
 
	at oracle.net.ns.NSProtocolStream.negotiateConnection(NSProtocolStream.java:275)
	at oracle.net.ns.NSProtocol.connect(NSProtocol.java:264)
	at oracle.jdbc.driver.T4CConnection.connect(T4CConnection.java:1452)
	at oracle.jdbc.driver.T4CConnection.logon(T4CConnection.java:496)
	... 20 more


2019-11-17 10:13:38 - [MESSAGE][ERROR] - java.sql.SQLException: Listener refused the connection with the following error:
ORA-12516, TNS:listener could not find available handler with matching protocol stack
 

2019-11-17 10:13:38 - [MESSAGE][ERROR] - dataBaseConnection.GetOracleQueryResult.conectsql("SupplyCard", "smart999", Query, "GetBackeryCode.txt") FAILED.
Reason:
org.codehaus.groovy.runtime.InvokerInvocationException: java.sql.SQLException: Listener refused the connection with the following error:
ORA-12516, TNS:listener could not find available handler with matching protocol stack
 
	at dataBaseConnection.GetOracleQueryResult.invokeMethod(GetOracleQueryResult.groovy)
	at com.kms.katalon.core.main.CustomKeywordDelegatingMetaClass.invokeStaticMethod(CustomKeywordDelegatingMetaClass.java:49)
	at IncreaseInsuranceCoutaGetData.run(IncreaseInsuranceCoutaGetData:23)
	at com.kms.katalon.core.main.ScriptEngine.run(ScriptEngine.java:194)
	at com.kms.katalon.core.main.ScriptEngine.runScriptAsRawText(ScriptEngine.java:119)
	at com.kms.katalon.core.main.TestCaseExecutor.runScript(TestCaseExecutor.java:331)
	at com.kms.katalon.core.main.TestCaseExecutor.doExecute(TestCaseExecutor.java:322)
	at com.kms.katalon.core.main.TestCaseExecutor.processExecutionPhase(TestCaseExecutor.java:301)
	at com.kms.katalon.core.main.TestCaseExecutor.accessMainPhase(TestCaseExecutor.java:293)
	at com.kms.katalon.core.main.TestCaseExecutor.execute(TestCaseExecutor.java:227)
	at com.kms.katalon.core.main.TestSuiteExecutor.accessTestCaseMainPhase(TestSuiteExecutor.java:129)
	at com.kms.katalon.core.main.TestSuiteExecutor.accessTestSuiteMainPhase(TestSuiteExecutor.java:112)
	at com.kms.katalon.core.main.TestSuiteExecutor.execute(TestSuiteExecutor.java:81)
	at com.kms.katalon.core.main.TestCaseMain.startTestSuite(TestCaseMain.java:157)
	at com.kms.katalon.core.main.TestCaseMain$startTestSuite$0.call(Unknown Source)
	at TempTestSuite1573978411984.run(TempTestSuite1573978411984.groovy:35)
Caused by: java.sql.SQLException: Listener refused the connection with the following error:
ORA-12516, TNS:listener could not find available handler with matching protocol stack
 
	at oracle.jdbc.driver.T4CConnection.logon(T4CConnection.java:743)
	at oracle.jdbc.driver.PhysicalConnection.connect(PhysicalConnection.java:666)
	at oracle.jdbc.driver.T4CDriverExtension.getConnection(T4CDriverExtension.java:32)
	at oracle.jdbc.driver.OracleDriver.connect(OracleDriver.java:566)
	at dataBaseConnection.GetOracleQueryResult.conectsql(GetOracleQueryResult.groovy:32)
	at dataBaseConnection.GetOracleQueryResult.invokeMethod(GetOracleQueryResult.groovy)
	at com.kms.katalon.core.main.CustomKeywordDelegatingMetaClass.invokeStaticMethod(CustomKeywordDelegatingMetaClass.java:49)
	at Script1573725672625.run(Script1573725672625.groovy:23)
	... 13 more
Caused by: oracle.net.ns.NetException: Listener refused the connection with the following error:
ORA-12516, TNS:listener could not find available handler with matching protocol stack
 
	at oracle.net.ns.NSProtocolStream.negotiateConnection(NSProtocolStream.java:275)
	at oracle.net.ns.NSProtocol.connect(NSProtocol.java:264)
	at oracle.jdbc.driver.T4CConnection.connect(T4CConnection.java:1452)
	at oracle.jdbc.driver.T4CConnection.logon(T4CConnection.java:496)
	... 20 more]]></system-out>
         <system-err><![CDATA[2019-11-17 10:13:36 - [TEST_CASE][ERROR] - Test Cases/General/GetData/IncreaseInsuranceCoutaGetData: Test Cases/General/GetData/IncreaseInsuranceCoutaGetData FAILED.
Reason:
org.codehaus.groovy.runtime.InvokerInvocationException: java.sql.SQLException: Listener refused the connection with the following error:
ORA-12516, TNS:listener could not find available handler with matching protocol stack
 
	at dataBaseConnection.GetOracleQueryResult.invokeMethod(GetOracleQueryResult.groovy)
	at com.kms.katalon.core.main.CustomKeywordDelegatingMetaClass.invokeStaticMethod(CustomKeywordDelegatingMetaClass.java:49)
	at IncreaseInsuranceCoutaGetData.run(IncreaseInsuranceCoutaGetData:23)
	at com.kms.katalon.core.main.ScriptEngine.run(ScriptEngine.java:194)
	at com.kms.katalon.core.main.ScriptEngine.runScriptAsRawText(ScriptEngine.java:119)
	at com.kms.katalon.core.main.TestCaseExecutor.runScript(TestCaseExecutor.java:331)
	at com.kms.katalon.core.main.TestCaseExecutor.doExecute(TestCaseExecutor.java:322)
	at com.kms.katalon.core.main.TestCaseExecutor.processExecutionPhase(TestCaseExecutor.java:301)
	at com.kms.katalon.core.main.TestCaseExecutor.accessMainPhase(TestCaseExecutor.java:293)
	at com.kms.katalon.core.main.TestCaseExecutor.execute(TestCaseExecutor.java:227)
	at com.kms.katalon.core.main.TestSuiteExecutor.accessTestCaseMainPhase(TestSuiteExecutor.java:129)
	at com.kms.katalon.core.main.TestSuiteExecutor.accessTestSuiteMainPhase(TestSuiteExecutor.java:112)
	at com.kms.katalon.core.main.TestSuiteExecutor.execute(TestSuiteExecutor.java:81)
	at com.kms.katalon.core.main.TestCaseMain.startTestSuite(TestCaseMain.java:157)
	at com.kms.katalon.core.main.TestCaseMain$startTestSuite$0.call(Unknown Source)
	at TempTestSuite1573978411984.run(TempTestSuite1573978411984.groovy:35)
Caused by: java.sql.SQLException: Listener refused the connection with the following error:
ORA-12516, TNS:listener could not find available handler with matching protocol stack
 
	at oracle.jdbc.driver.T4CConnection.logon(T4CConnection.java:743)
	at oracle.jdbc.driver.PhysicalConnection.connect(PhysicalConnection.java:666)
	at oracle.jdbc.driver.T4CDriverExtension.getConnection(T4CDriverExtension.java:32)
	at oracle.jdbc.driver.OracleDriver.connect(OracleDriver.java:566)
	at dataBaseConnection.GetOracleQueryResult.conectsql(GetOracleQueryResult.groovy:32)
	at dataBaseConnection.GetOracleQueryResult.invokeMethod(GetOracleQueryResult.groovy)
	at com.kms.katalon.core.main.CustomKeywordDelegatingMetaClass.invokeStaticMethod(CustomKeywordDelegatingMetaClass.java:49)
	at Script1573725672625.run(Script1573725672625.groovy:23)
	... 13 more
Caused by: oracle.net.ns.NetException: Listener refused the connection with the following error:
ORA-12516, TNS:listener could not find available handler with matching protocol stack
 
	at oracle.net.ns.NSProtocolStream.negotiateConnection(NSProtocolStream.java:275)
	at oracle.net.ns.NSProtocol.connect(NSProtocol.java:264)
	at oracle.jdbc.driver.T4CConnection.connect(T4CConnection.java:1452)
	at oracle.jdbc.driver.T4CConnection.logon(T4CConnection.java:496)
	... 20 more]]></system-err>
      </testcase>
      <testcase name="Test Cases/General/OpenMethods/OpenBakerySystemByDirectorateEmployeeMethod" classname="Test Cases/General/OpenMethods/OpenBakerySystemByDirectorateEmployeeMethod" status="PASSED">
         <system-out><![CDATA[2019-11-17 10:13:38 - [TEST_CASE][PASSED] - Test Cases/General/OpenMethods/OpenBakerySystemByDirectorateEmployeeMethod: Test Cases/General/OpenMethods/OpenBakerySystemByDirectorateEmployeeMethod

2019-11-17 10:13:39 - [TEST_STEP][PASSED] - openBrowser(""): Browser is opened with url: ''

2019-11-17 10:13:39 - [MESSAGE][INFO] - Starting 'Chrome' driver

2019-11-17 10:13:40 - [MESSAGE][INFO] - Action delay is set to 0 seconds

2019-11-17 10:13:48 - [MESSAGE][PASSED] - Browser is opened with url: ''

2019-11-17 10:13:48 - [TEST_STEP][PASSED] - navigateToUrl("http://81.29.102.138:7001/bakeriessystem/login.jsf"): Navigate to 'http://81.29.102.138:7001/bakeriessystem/login.jsf' successfully

2019-11-17 10:13:50 - [MESSAGE][PASSED] - Navigate to 'http://81.29.102.138:7001/bakeriessystem/login.jsf' successfully

2019-11-17 10:13:50 - [TEST_STEP][PASSED] - maximizeWindow(): Current window maximized

2019-11-17 10:13:54 - [MESSAGE][PASSED] - Current window maximized

2019-11-17 10:13:54 - [TEST_STEP][PASSED] - setText(findTestObject("Object Repository/Login/Page_/input__username"), findTestData("BakeryDataFileDirectorateAndCommodityEmployee").getValue(1, 1)): Text 'BM0442' is set on object 'Object Repository/Login/Page_/input__username'

2019-11-17 10:13:56 - [MESSAGE][PASSED] - Text 'BM0442' is set on object 'Object Repository/Login/Page_/input__username'

2019-11-17 10:13:56 - [TEST_STEP][PASSED] - setEncryptedText(findTestObject("Object Repository/Login/Page_/input__password"), findTestData("BakeryDataFileDirectorateAndCommodityEmployee").getValue(2, 1)): Text ****** has been set on object 'Object Repository/Login/Page_/input__password'

2019-11-17 10:13:56 - [MESSAGE][PASSED] - Text ****** has been set on object 'Object Repository/Login/Page_/input__password'

2019-11-17 10:13:56 - [TEST_STEP][PASSED] - click(findTestObject("Object Repository/Login/Page_/span_")): Object: 'Object Repository/Login/Page_/span_' is clicked on

2019-11-17 10:13:57 - [MESSAGE][PASSED] - Object: 'Object Repository/Login/Page_/span_' is clicked on

2019-11-17 10:13:57 - [TEST_STEP][PASSED] - waitForPageLoad(3): Wait for page load successfully

2019-11-17 10:13:57 - [MESSAGE][PASSED] - Wait for page load successfully]]></system-out>
         <system-err><![CDATA[]]></system-err>
      </testcase>
      <testcase name="Test Cases/General/OpenMethods/OpenCreateIncreaseInsuranceQuotaTapMethod" classname="Test Cases/General/OpenMethods/OpenCreateIncreaseInsuranceQuotaTapMethod" status="PASSED">
         <system-out><![CDATA[2019-11-17 10:13:57 - [TEST_CASE][PASSED] - Test Cases/General/OpenMethods/OpenCreateIncreaseInsuranceQuotaTapMethod: Test Cases/General/OpenMethods/OpenCreateIncreaseInsuranceQuotaTapMethod

2019-11-17 10:13:57 - [TEST_STEP][PASSED] - navigateToUrl("http://81.29.102.138:7001/bakeriessystem/manager/BakeryQuota.jsf"): Navigate to 'http://81.29.102.138:7001/bakeriessystem/manager/BakeryQuota.jsf' successfully

2019-11-17 10:13:57 - [MESSAGE][PASSED] - Navigate to 'http://81.29.102.138:7001/bakeriessystem/manager/BakeryQuota.jsf' successfully]]></system-out>
         <system-err><![CDATA[]]></system-err>
      </testcase>
      <testcase name="Test Cases/SpecificTab/IncreaseInsuranceBagsCouta/SearchForBakeryCodeByDirectorateEmployee" classname="Test Cases/SpecificTab/IncreaseInsuranceBagsCouta/SearchForBakeryCodeByDirectorateEmployee" status="ERROR">
         <error type="ERROR" message="Test Cases/SpecificTab/IncreaseInsuranceBagsCouta/SearchForBakeryCodeByDirectorateEmployee FAILED.
Reason:
java.io.FileNotFoundException: C:\Users\smart\Katalon Studio\BakeryManagementSystem.Share\Cash\GetBackeryCode.txt (The system cannot find the file specified)
	at SearchForBakeryCodeByDirectorateEmployee.run(SearchForBakeryCodeByDirectorateEmployee:23)
	at com.kms.katalon.core.main.ScriptEngine.run(ScriptEngine.java:194)
	at com.kms.katalon.core.main.ScriptEngine.runScriptAsRawText(ScriptEngine.java:119)
	at com.kms.katalon.core.main.TestCaseExecutor.runScript(TestCaseExecutor.java:331)
	at com.kms.katalon.core.main.TestCaseExecutor.doExecute(TestCaseExecutor.java:322)
	at com.kms.katalon.core.main.TestCaseExecutor.processExecutionPhase(TestCaseExecutor.java:301)
	at com.kms.katalon.core.main.TestCaseExecutor.accessMainPhase(TestCaseExecutor.java:293)
	at com.kms.katalon.core.main.TestCaseExecutor.execute(TestCaseExecutor.java:227)
	at com.kms.katalon.core.main.TestSuiteExecutor.accessTestCaseMainPhase(TestSuiteExecutor.java:129)
	at com.kms.katalon.core.main.TestSuiteExecutor.accessTestSuiteMainPhase(TestSuiteExecutor.java:112)
	at com.kms.katalon.core.main.TestSuiteExecutor.execute(TestSuiteExecutor.java:81)
	at com.kms.katalon.core.main.TestCaseMain.startTestSuite(TestCaseMain.java:157)
	at com.kms.katalon.core.main.TestCaseMain$startTestSuite$0.call(Unknown Source)
	at TempTestSuite1573978411984.run(TempTestSuite1573978411984.groovy:35)
"/>
         <system-out><![CDATA[2019-11-17 10:13:57 - [TEST_CASE][ERROR] - Test Cases/SpecificTab/IncreaseInsuranceBagsCouta/SearchForBakeryCodeByDirectorateEmployee: Test Cases/SpecificTab/IncreaseInsuranceBagsCouta/SearchForBakeryCodeByDirectorateEmployee FAILED.
Reason:
java.io.FileNotFoundException: C:\Users\smart\Katalon Studio\BakeryManagementSystem.Share\Cash\GetBackeryCode.txt (The system cannot find the file specified)
	at SearchForBakeryCodeByDirectorateEmployee.run(SearchForBakeryCodeByDirectorateEmployee:23)
	at com.kms.katalon.core.main.ScriptEngine.run(ScriptEngine.java:194)
	at com.kms.katalon.core.main.ScriptEngine.runScriptAsRawText(ScriptEngine.java:119)
	at com.kms.katalon.core.main.TestCaseExecutor.runScript(TestCaseExecutor.java:331)
	at com.kms.katalon.core.main.TestCaseExecutor.doExecute(TestCaseExecutor.java:322)
	at com.kms.katalon.core.main.TestCaseExecutor.processExecutionPhase(TestCaseExecutor.java:301)
	at com.kms.katalon.core.main.TestCaseExecutor.accessMainPhase(TestCaseExecutor.java:293)
	at com.kms.katalon.core.main.TestCaseExecutor.execute(TestCaseExecutor.java:227)
	at com.kms.katalon.core.main.TestSuiteExecutor.accessTestCaseMainPhase(TestSuiteExecutor.java:129)
	at com.kms.katalon.core.main.TestSuiteExecutor.accessTestSuiteMainPhase(TestSuiteExecutor.java:112)
	at com.kms.katalon.core.main.TestSuiteExecutor.execute(TestSuiteExecutor.java:81)
	at com.kms.katalon.core.main.TestCaseMain.startTestSuite(TestCaseMain.java:157)
	at com.kms.katalon.core.main.TestCaseMain$startTestSuite$0.call(Unknown Source)
	at TempTestSuite1573978411984.run(TempTestSuite1573978411984.groovy:35)


2019-11-17 10:13:58 - [TEST_STEP][PASSED] - file = <not implemented yet for class: org.codehaus.groovy.ast.expr.EmptyExpression>: null

2019-11-17 10:13:58 - [TEST_STEP][PASSED] - BackeryCode = <not implemented yet for class: org.codehaus.groovy.ast.expr.EmptyExpression>: null

2019-11-17 10:13:58 - [TEST_STEP][PASSED] - file = new java.io.File(C:\Users\smart\Katalon Studio\BakeryManagementSystem.Share\Cash\GetBackeryCode.txt): null

2019-11-17 10:13:58 - [TEST_STEP][ERROR] - BackeryCode = file.readLines(): BackeryCode = file.readLines() FAILED.
Reason:
java.io.FileNotFoundException: C:\Users\smart\Katalon Studio\BakeryManagementSystem.Share\Cash\GetBackeryCode.txt (The system cannot find the file specified)
	at SearchForBakeryCodeByDirectorateEmployee.run(SearchForBakeryCodeByDirectorateEmployee:23)
	at com.kms.katalon.core.main.ScriptEngine.run(ScriptEngine.java:194)
	at com.kms.katalon.core.main.ScriptEngine.runScriptAsRawText(ScriptEngine.java:119)
	at com.kms.katalon.core.main.TestCaseExecutor.runScript(TestCaseExecutor.java:331)
	at com.kms.katalon.core.main.TestCaseExecutor.doExecute(TestCaseExecutor.java:322)
	at com.kms.katalon.core.main.TestCaseExecutor.processExecutionPhase(TestCaseExecutor.java:301)
	at com.kms.katalon.core.main.TestCaseExecutor.accessMainPhase(TestCaseExecutor.java:293)
	at com.kms.katalon.core.main.TestCaseExecutor.execute(TestCaseExecutor.java:227)
	at com.kms.katalon.core.main.TestSuiteExecutor.accessTestCaseMainPhase(TestSuiteExecutor.java:129)
	at com.kms.katalon.core.main.TestSuiteExecutor.accessTestSuiteMainPhase(TestSuiteExecutor.java:112)
	at com.kms.katalon.core.main.TestSuiteExecutor.execute(TestSuiteExecutor.java:81)
	at com.kms.katalon.core.main.TestCaseMain.startTestSuite(TestCaseMain.java:157)
	at com.kms.katalon.core.main.TestCaseMain$startTestSuite$0.call(Unknown Source)
	at TempTestSuite1573978411984.run(TempTestSuite1573978411984.groovy:35)


2019-11-17 10:13:58 - [MESSAGE][ERROR] - BackeryCode = file.readLines() FAILED.
Reason:
java.io.FileNotFoundException: C:\Users\smart\Katalon Studio\BakeryManagementSystem.Share\Cash\GetBackeryCode.txt (The system cannot find the file specified)
	at SearchForBakeryCodeByDirectorateEmployee.run(SearchForBakeryCodeByDirectorateEmployee:23)
	at com.kms.katalon.core.main.ScriptEngine.run(ScriptEngine.java:194)
	at com.kms.katalon.core.main.ScriptEngine.runScriptAsRawText(ScriptEngine.java:119)
	at com.kms.katalon.core.main.TestCaseExecutor.runScript(TestCaseExecutor.java:331)
	at com.kms.katalon.core.main.TestCaseExecutor.doExecute(TestCaseExecutor.java:322)
	at com.kms.katalon.core.main.TestCaseExecutor.processExecutionPhase(TestCaseExecutor.java:301)
	at com.kms.katalon.core.main.TestCaseExecutor.accessMainPhase(TestCaseExecutor.java:293)
	at com.kms.katalon.core.main.TestCaseExecutor.execute(TestCaseExecutor.java:227)
	at com.kms.katalon.core.main.TestSuiteExecutor.accessTestCaseMainPhase(TestSuiteExecutor.java:129)
	at com.kms.katalon.core.main.TestSuiteExecutor.accessTestSuiteMainPhase(TestSuiteExecutor.java:112)
	at com.kms.katalon.core.main.TestSuiteExecutor.execute(TestSuiteExecutor.java:81)
	at com.kms.katalon.core.main.TestCaseMain.startTestSuite(TestCaseMain.java:157)
	at com.kms.katalon.core.main.TestCaseMain$startTestSuite$0.call(Unknown Source)
	at TempTestSuite1573978411984.run(TempTestSuite1573978411984.groovy:35)]]></system-out>
         <system-err><![CDATA[2019-11-17 10:13:57 - [TEST_CASE][ERROR] - Test Cases/SpecificTab/IncreaseInsuranceBagsCouta/SearchForBakeryCodeByDirectorateEmployee: Test Cases/SpecificTab/IncreaseInsuranceBagsCouta/SearchForBakeryCodeByDirectorateEmployee FAILED.
Reason:
java.io.FileNotFoundException: C:\Users\smart\Katalon Studio\BakeryManagementSystem.Share\Cash\GetBackeryCode.txt (The system cannot find the file specified)
	at SearchForBakeryCodeByDirectorateEmployee.run(SearchForBakeryCodeByDirectorateEmployee:23)
	at com.kms.katalon.core.main.ScriptEngine.run(ScriptEngine.java:194)
	at com.kms.katalon.core.main.ScriptEngine.runScriptAsRawText(ScriptEngine.java:119)
	at com.kms.katalon.core.main.TestCaseExecutor.runScript(TestCaseExecutor.java:331)
	at com.kms.katalon.core.main.TestCaseExecutor.doExecute(TestCaseExecutor.java:322)
	at com.kms.katalon.core.main.TestCaseExecutor.processExecutionPhase(TestCaseExecutor.java:301)
	at com.kms.katalon.core.main.TestCaseExecutor.accessMainPhase(TestCaseExecutor.java:293)
	at com.kms.katalon.core.main.TestCaseExecutor.execute(TestCaseExecutor.java:227)
	at com.kms.katalon.core.main.TestSuiteExecutor.accessTestCaseMainPhase(TestSuiteExecutor.java:129)
	at com.kms.katalon.core.main.TestSuiteExecutor.accessTestSuiteMainPhase(TestSuiteExecutor.java:112)
	at com.kms.katalon.core.main.TestSuiteExecutor.execute(TestSuiteExecutor.java:81)
	at com.kms.katalon.core.main.TestCaseMain.startTestSuite(TestCaseMain.java:157)
	at com.kms.katalon.core.main.TestCaseMain$startTestSuite$0.call(Unknown Source)
	at TempTestSuite1573978411984.run(TempTestSuite1573978411984.groovy:35)]]></system-err>
      </testcase>
      <system-out><![CDATA[2019-11-17 10:13:36 - [TEST_SUITE][ERROR] - IncreaseInsuranceBagsCouta: Test Cases/General/GetData/IncreaseInsuranceCoutaGetData FAILED.
Reason:
org.codehaus.groovy.runtime.InvokerInvocationException: java.sql.SQLException: Listener refused the connection with the following error:
ORA-12516, TNS:listener could not find available handler with matching protocol stack
 
	at dataBaseConnection.GetOracleQueryResult.invokeMethod(GetOracleQueryResult.groovy)
	at com.kms.katalon.core.main.CustomKeywordDelegatingMetaClass.invokeStaticMethod(CustomKeywordDelegatingMetaClass.java:49)
	at IncreaseInsuranceCoutaGetData.run(IncreaseInsuranceCoutaGetData:23)
	at com.kms.katalon.core.main.ScriptEngine.run(ScriptEngine.java:194)
	at com.kms.katalon.core.main.ScriptEngine.runScriptAsRawText(ScriptEngine.java:119)
	at com.kms.katalon.core.main.TestCaseExecutor.runScript(TestCaseExecutor.java:331)
	at com.kms.katalon.core.main.TestCaseExecutor.doExecute(TestCaseExecutor.java:322)
	at com.kms.katalon.core.main.TestCaseExecutor.processExecutionPhase(TestCaseExecutor.java:301)
	at com.kms.katalon.core.main.TestCaseExecutor.accessMainPhase(TestCaseExecutor.java:293)
	at com.kms.katalon.core.main.TestCaseExecutor.execute(TestCaseExecutor.java:227)
	at com.kms.katalon.core.main.TestSuiteExecutor.accessTestCaseMainPhase(TestSuiteExecutor.java:129)
	at com.kms.katalon.core.main.TestSuiteExecutor.accessTestSuiteMainPhase(TestSuiteExecutor.java:112)
	at com.kms.katalon.core.main.TestSuiteExecutor.execute(TestSuiteExecutor.java:81)
	at com.kms.katalon.core.main.TestCaseMain.startTestSuite(TestCaseMain.java:157)
	at com.kms.katalon.core.main.TestCaseMain$startTestSuite$0.call(Unknown Source)
	at TempTestSuite1573978411984.run(TempTestSuite1573978411984.groovy:35)
Caused by: java.sql.SQLException: Listener refused the connection with the following error:
ORA-12516, TNS:listener could not find available handler with matching protocol stack
 
	at oracle.jdbc.driver.T4CConnection.logon(T4CConnection.java:743)
	at oracle.jdbc.driver.PhysicalConnection.connect(PhysicalConnection.java:666)
	at oracle.jdbc.driver.T4CDriverExtension.getConnection(T4CDriverExtension.java:32)
	at oracle.jdbc.driver.OracleDriver.connect(OracleDriver.java:566)
	at dataBaseConnection.GetOracleQueryResult.conectsql(GetOracleQueryResult.groovy:32)
	at dataBaseConnection.GetOracleQueryResult.invokeMethod(GetOracleQueryResult.groovy)
	at com.kms.katalon.core.main.CustomKeywordDelegatingMetaClass.invokeStaticMethod(CustomKeywordDelegatingMetaClass.java:49)
	at Script1573725672625.run(Script1573725672625.groovy:23)
	... 13 more
Caused by: oracle.net.ns.NetException: Listener refused the connection with the following error:
ORA-12516, TNS:listener could not find available handler with matching protocol stack
 
	at oracle.net.ns.NSProtocolStream.negotiateConnection(NSProtocolStream.java:275)
	at oracle.net.ns.NSProtocol.connect(NSProtocol.java:264)
	at oracle.jdbc.driver.T4CConnection.connect(T4CConnection.java:1452)
	at oracle.jdbc.driver.T4CConnection.logon(T4CConnection.java:496)
	... 20 more]]></system-out>
      <system-err><![CDATA[2019-11-17 10:13:36 - [TEST_SUITE][ERROR] - IncreaseInsuranceBagsCouta: Test Cases/General/GetData/IncreaseInsuranceCoutaGetData FAILED.
Reason:
org.codehaus.groovy.runtime.InvokerInvocationException: java.sql.SQLException: Listener refused the connection with the following error:
ORA-12516, TNS:listener could not find available handler with matching protocol stack
 
	at dataBaseConnection.GetOracleQueryResult.invokeMethod(GetOracleQueryResult.groovy)
	at com.kms.katalon.core.main.CustomKeywordDelegatingMetaClass.invokeStaticMethod(CustomKeywordDelegatingMetaClass.java:49)
	at IncreaseInsuranceCoutaGetData.run(IncreaseInsuranceCoutaGetData:23)
	at com.kms.katalon.core.main.ScriptEngine.run(ScriptEngine.java:194)
	at com.kms.katalon.core.main.ScriptEngine.runScriptAsRawText(ScriptEngine.java:119)
	at com.kms.katalon.core.main.TestCaseExecutor.runScript(TestCaseExecutor.java:331)
	at com.kms.katalon.core.main.TestCaseExecutor.doExecute(TestCaseExecutor.java:322)
	at com.kms.katalon.core.main.TestCaseExecutor.processExecutionPhase(TestCaseExecutor.java:301)
	at com.kms.katalon.core.main.TestCaseExecutor.accessMainPhase(TestCaseExecutor.java:293)
	at com.kms.katalon.core.main.TestCaseExecutor.execute(TestCaseExecutor.java:227)
	at com.kms.katalon.core.main.TestSuiteExecutor.accessTestCaseMainPhase(TestSuiteExecutor.java:129)
	at com.kms.katalon.core.main.TestSuiteExecutor.accessTestSuiteMainPhase(TestSuiteExecutor.java:112)
	at com.kms.katalon.core.main.TestSuiteExecutor.execute(TestSuiteExecutor.java:81)
	at com.kms.katalon.core.main.TestCaseMain.startTestSuite(TestCaseMain.java:157)
	at com.kms.katalon.core.main.TestCaseMain$startTestSuite$0.call(Unknown Source)
	at TempTestSuite1573978411984.run(TempTestSuite1573978411984.groovy:35)
Caused by: java.sql.SQLException: Listener refused the connection with the following error:
ORA-12516, TNS:listener could not find available handler with matching protocol stack
 
	at oracle.jdbc.driver.T4CConnection.logon(T4CConnection.java:743)
	at oracle.jdbc.driver.PhysicalConnection.connect(PhysicalConnection.java:666)
	at oracle.jdbc.driver.T4CDriverExtension.getConnection(T4CDriverExtension.java:32)
	at oracle.jdbc.driver.OracleDriver.connect(OracleDriver.java:566)
	at dataBaseConnection.GetOracleQueryResult.conectsql(GetOracleQueryResult.groovy:32)
	at dataBaseConnection.GetOracleQueryResult.invokeMethod(GetOracleQueryResult.groovy)
	at com.kms.katalon.core.main.CustomKeywordDelegatingMetaClass.invokeStaticMethod(CustomKeywordDelegatingMetaClass.java:49)
	at Script1573725672625.run(Script1573725672625.groovy:23)
	... 13 more
Caused by: oracle.net.ns.NetException: Listener refused the connection with the following error:
ORA-12516, TNS:listener could not find available handler with matching protocol stack
 
	at oracle.net.ns.NSProtocolStream.negotiateConnection(NSProtocolStream.java:275)
	at oracle.net.ns.NSProtocol.connect(NSProtocol.java:264)
	at oracle.jdbc.driver.T4CConnection.connect(T4CConnection.java:1452)
	at oracle.jdbc.driver.T4CConnection.logon(T4CConnection.java:496)
	... 20 more]]></system-err>
   </testsuite>
</testsuites>
