<?xml version="1.0" encoding="UTF-8"?>
<testsuites name="IncreaseInsuranceBagsCouta" time="94" tests="3" failures="1" errors="0">
   <testsuite name="IncreaseInsuranceBagsCouta" tests="3" failures="1" errors="0" time="94" timestamp="2019-11-17 12:47:57" hostname="smart - Sara-IT" id="Test Suites/TestSuites/IncreaseInsuranceBagsCouta">
      <properties>
         <property name="deviceName" value=""/>
         <property name="devicePlatform" value=""/>
         <property name="logFolder" value="C:\\Users\\smart\\Katalon Studio\\BakeryManagementSystem\\Reports\\TestSuites\\IncreaseInsuranceBagsCouta\\20191117_124753"/>
         <property name="logFiles" value="C:\\Users\\smart\\Katalon Studio\\BakeryManagementSystem\\Reports\\TestSuites\\IncreaseInsuranceBagsCouta\\20191117_124753\\execution0.log"/>
         <property name="attachments" value="C:\\Users\\smart\\Katalon Studio\\BakeryManagementSystem\\Reports\\TestSuites\\IncreaseInsuranceBagsCouta\\20191117_124753\\1573987770903.png"/>
         <property name="hostName" value="smart - Sara-IT"/>
         <property name="os" value="Windows 10 64bit"/>
         <property name="katalonVersion" value="6.0.5.10"/>
         <property name="browser" value="Chrome 77.0.3865.90"/>
         <property name="hostAddress" value="10.43.30.179"/>
         <property name="sessionId" value="4c607da264a43f926ca1b7cca61a2399"/>
         <property name="seleniumVersion" value="3.7.1"/>
         <property name="proxyInformation" value="ProxyInformation{proxyOption=NO_PROXY, proxyServerType=HTTP, password=, proxyServerAddress=, proxyServerPort=0}"/>
         <property name="platform" value="Windows 10"/>
      </properties>
      <testcase name="Test Cases/General/GetData/IncreaseInsuranceCoutaGetData" classname="Test Cases/General/GetData/IncreaseInsuranceCoutaGetData" status="PASSED">
         <system-out><![CDATA[2019-11-17 12:47:57 - [TEST_CASE][PASSED] - Test Cases/General/GetData/IncreaseInsuranceCoutaGetData: Test Cases/General/GetData/IncreaseInsuranceCoutaGetData

2019-11-17 12:47:58 - [TEST_STEP][PASSED] - Query = <not implemented yet for class: org.codehaus.groovy.ast.expr.EmptyExpression>: null

2019-11-17 12:47:58 - [TEST_STEP][PASSED] - Query = "Select * from base_bakery b inner join bakery_ach_data ach on b.BAKERY_CODE = ach.bakery_code  where b.governorate_code=03 and b.status=1 and b.BAKERY_CODE not in(select BAKERY_CODE from REQ_BAKERY_ACH_DATA rbb,Requests r where rbb.REQ_CODE = r.REQ_CODE and r.REQ_CHANNEL=" + "'" + "BAKERY_ACC" + "' and r.REQ_STATUS = " + "'" + "FR_APRV" + "'and r.APP_TYPE=1) ": null

2019-11-17 12:47:58 - [TEST_STEP][PASSED] - println(Query): null

2019-11-17 12:47:58 - [TEST_STEP][PASSED] - dataBaseConnection.GetOracleQueryResult.conectsql("bdistribute", "12345678", Query, "C:\Users\smart\Katalon Studio\BakeryManagementSystem\Cash\GetBackeryCode.txt"): dataBaseConnection.GetOracleQueryResult.conectsql is PASSED

2019-11-17 12:48:38 - [MESSAGE][PASSED] - dataBaseConnection.GetOracleQueryResult.conectsql is PASSED

2019-11-17 12:48:38 - [TEST_STEP][PASSED] - file = new java.io.File(C:\Users\smart\Katalon Studio\BakeryManagementSystem\Cash\ValidUserName.txt): null

2019-11-17 12:48:38 - [TEST_STEP][PASSED] - file.write(findTestData("BakeryDataFileDirectorateAndCommodityEmployee").getValue(11, 1)): null

2019-11-17 12:48:39 - [TEST_STEP][PASSED] - file = new java.io.File(C:\Users\smart\Katalon Studio\BakeryManagementSystem\Cash\ValidPassword.txt): null

2019-11-17 12:48:39 - [TEST_STEP][PASSED] - file.write(findTestData("BakeryDataFileDirectorateAndCommodityEmployee").getValue(12, 1)): null]]></system-out>
         <system-err><![CDATA[]]></system-err>
      </testcase>
      <testcase name="Test Cases/General/OpenMethods/OpenBakerySystemByDirectorateEmployeeMethod" classname="Test Cases/General/OpenMethods/OpenBakerySystemByDirectorateEmployeeMethod" status="PASSED">
         <system-out><![CDATA[2019-11-17 12:48:39 - [TEST_CASE][PASSED] - Test Cases/General/OpenMethods/OpenBakerySystemByDirectorateEmployeeMethod: Test Cases/General/OpenMethods/OpenBakerySystemByDirectorateEmployeeMethod

2019-11-17 12:48:40 - [TEST_STEP][PASSED] - openBrowser(""): Browser is opened with url: ''

2019-11-17 12:48:40 - [MESSAGE][INFO] - Starting 'Chrome' driver

2019-11-17 12:48:40 - [MESSAGE][INFO] - Action delay is set to 0 seconds

2019-11-17 12:48:48 - [MESSAGE][PASSED] - Browser is opened with url: ''

2019-11-17 12:48:48 - [TEST_STEP][PASSED] - navigateToUrl("http://81.29.102.138:7001/bakeriessystem/login.jsf"): Navigate to 'http://81.29.102.138:7001/bakeriessystem/login.jsf' successfully

2019-11-17 12:48:50 - [MESSAGE][PASSED] - Navigate to 'http://81.29.102.138:7001/bakeriessystem/login.jsf' successfully

2019-11-17 12:48:50 - [TEST_STEP][PASSED] - maximizeWindow(): Current window maximized

2019-11-17 12:48:54 - [MESSAGE][PASSED] - Current window maximized

2019-11-17 12:48:54 - [TEST_STEP][PASSED] - setText(findTestObject("Object Repository/Login/Page_/input__username"), findTestData("BakeryDataFileDirectorateAndCommodityEmployee").getValue(11, 1)): Text 'BQ001' is set on object 'Object Repository/Login/Page_/input__username'

2019-11-17 12:48:55 - [MESSAGE][PASSED] - Text 'BQ001' is set on object 'Object Repository/Login/Page_/input__username'

2019-11-17 12:48:55 - [TEST_STEP][PASSED] - setEncryptedText(findTestObject("Object Repository/Login/Page_/input__password"), findTestData("BakeryDataFileDirectorateAndCommodityEmployee").getValue(12, 1)): Text ****** has been set on object 'Object Repository/Login/Page_/input__password'

2019-11-17 12:48:55 - [MESSAGE][PASSED] - Text ****** has been set on object 'Object Repository/Login/Page_/input__password'

2019-11-17 12:48:55 - [TEST_STEP][PASSED] - click(findTestObject("Object Repository/Login/Page_/span_")): Object: 'Object Repository/Login/Page_/span_' is clicked on

2019-11-17 12:48:57 - [MESSAGE][PASSED] - Object: 'Object Repository/Login/Page_/span_' is clicked on

2019-11-17 12:48:57 - [TEST_STEP][PASSED] - waitForPageLoad(3): Wait for page load successfully

2019-11-17 12:48:57 - [MESSAGE][PASSED] - Wait for page load successfully]]></system-out>
         <system-err><![CDATA[]]></system-err>
      </testcase>
      <testcase name="Test Cases/General/OpenMethods/OpenCreateIncreaseInsuranceQuotaTapMethod" classname="Test Cases/General/OpenMethods/OpenCreateIncreaseInsuranceQuotaTapMethod" status="PASSED">
         <system-out><![CDATA[2019-11-17 12:48:57 - [TEST_CASE][PASSED] - Test Cases/General/OpenMethods/OpenCreateIncreaseInsuranceQuotaTapMethod: Test Cases/General/OpenMethods/OpenCreateIncreaseInsuranceQuotaTapMethod

2019-11-17 12:48:57 - [TEST_STEP][PASSED] - navigateToUrl("http://81.29.102.138:7001/bakeriessystem/manager/BakeryQuota.jsf"): Navigate to 'http://81.29.102.138:7001/bakeriessystem/manager/BakeryQuota.jsf' successfully

2019-11-17 12:48:59 - [MESSAGE][PASSED] - Navigate to 'http://81.29.102.138:7001/bakeriessystem/manager/BakeryQuota.jsf' successfully]]></system-out>
         <system-err><![CDATA[]]></system-err>
      </testcase>
      <testcase name="Test Cases/SpecificTab/IncreaseInsuranceBagsCouta/SearchForBakeryCodeByDirectorateEmployee" classname="Test Cases/SpecificTab/IncreaseInsuranceBagsCouta/SearchForBakeryCodeByDirectorateEmployee" status="FAILED">
         <failure type="FAILED" message="Test Cases/SpecificTab/IncreaseInsuranceBagsCouta/SearchForBakeryCodeByDirectorateEmployee FAILED.
Reason:
com.kms.katalon.core.exception.StepFailedException: Unable to click on object 'Object Repository/CreateMdifyBankAcc/Page_/span_ (1)'
	at com.kms.katalon.core.keyword.internal.KeywordMain.stepFailed(KeywordMain.groovy:48)
	at com.kms.katalon.core.webui.keyword.internal.WebUIKeywordMain.stepFailed(WebUIKeywordMain.groovy:65)
	at com.kms.katalon.core.webui.keyword.internal.WebUIKeywordMain.runKeyword(WebUIKeywordMain.groovy:27)
	at com.kms.katalon.core.webui.keyword.builtin.ClickKeyword.click(ClickKeyword.groovy:86)
	at com.kms.katalon.core.webui.keyword.builtin.ClickKeyword.execute(ClickKeyword.groovy:67)
	at com.kms.katalon.core.keyword.internal.KeywordExecutor.executeKeywordForPlatform(KeywordExecutor.groovy:56)
	at com.kms.katalon.core.webui.keyword.WebUiBuiltInKeywords.click(WebUiBuiltInKeywords.groovy:616)
	at com.kms.katalon.core.webui.keyword.WebUiBuiltInKeywords$click$4.call(Unknown Source)
	at SearchForBakeryCodeByDirectorateEmployee.run(SearchForBakeryCodeByDirectorateEmployee:33)
	at com.kms.katalon.core.main.ScriptEngine.run(ScriptEngine.java:194)
	at com.kms.katalon.core.main.ScriptEngine.runScriptAsRawText(ScriptEngine.java:119)
	at com.kms.katalon.core.main.TestCaseExecutor.runScript(TestCaseExecutor.java:331)
	at com.kms.katalon.core.main.TestCaseExecutor.doExecute(TestCaseExecutor.java:322)
	at com.kms.katalon.core.main.TestCaseExecutor.processExecutionPhase(TestCaseExecutor.java:301)
	at com.kms.katalon.core.main.TestCaseExecutor.accessMainPhase(TestCaseExecutor.java:293)
	at com.kms.katalon.core.main.TestCaseExecutor.execute(TestCaseExecutor.java:227)
	at com.kms.katalon.core.main.TestSuiteExecutor.accessTestCaseMainPhase(TestSuiteExecutor.java:129)
	at com.kms.katalon.core.main.TestSuiteExecutor.accessTestSuiteMainPhase(TestSuiteExecutor.java:112)
	at com.kms.katalon.core.main.TestSuiteExecutor.execute(TestSuiteExecutor.java:81)
	at com.kms.katalon.core.main.TestCaseMain.startTestSuite(TestCaseMain.java:157)
	at com.kms.katalon.core.main.TestCaseMain$startTestSuite$0.call(Unknown Source)
	at TempTestSuite1573987673488.run(TempTestSuite1573987673488.groovy:35)
"/>
         <system-out><![CDATA[2019-11-17 12:48:59 - [TEST_CASE][FAILED] - Test Cases/SpecificTab/IncreaseInsuranceBagsCouta/SearchForBakeryCodeByDirectorateEmployee: Test Cases/SpecificTab/IncreaseInsuranceBagsCouta/SearchForBakeryCodeByDirectorateEmployee FAILED.
Reason:
com.kms.katalon.core.exception.StepFailedException: Unable to click on object 'Object Repository/CreateMdifyBankAcc/Page_/span_ (1)'
	at com.kms.katalon.core.keyword.internal.KeywordMain.stepFailed(KeywordMain.groovy:48)
	at com.kms.katalon.core.webui.keyword.internal.WebUIKeywordMain.stepFailed(WebUIKeywordMain.groovy:65)
	at com.kms.katalon.core.webui.keyword.internal.WebUIKeywordMain.runKeyword(WebUIKeywordMain.groovy:27)
	at com.kms.katalon.core.webui.keyword.builtin.ClickKeyword.click(ClickKeyword.groovy:86)
	at com.kms.katalon.core.webui.keyword.builtin.ClickKeyword.execute(ClickKeyword.groovy:67)
	at com.kms.katalon.core.keyword.internal.KeywordExecutor.executeKeywordForPlatform(KeywordExecutor.groovy:56)
	at com.kms.katalon.core.webui.keyword.WebUiBuiltInKeywords.click(WebUiBuiltInKeywords.groovy:616)
	at com.kms.katalon.core.webui.keyword.WebUiBuiltInKeywords$click$4.call(Unknown Source)
	at SearchForBakeryCodeByDirectorateEmployee.run(SearchForBakeryCodeByDirectorateEmployee:33)
	at com.kms.katalon.core.main.ScriptEngine.run(ScriptEngine.java:194)
	at com.kms.katalon.core.main.ScriptEngine.runScriptAsRawText(ScriptEngine.java:119)
	at com.kms.katalon.core.main.TestCaseExecutor.runScript(TestCaseExecutor.java:331)
	at com.kms.katalon.core.main.TestCaseExecutor.doExecute(TestCaseExecutor.java:322)
	at com.kms.katalon.core.main.TestCaseExecutor.processExecutionPhase(TestCaseExecutor.java:301)
	at com.kms.katalon.core.main.TestCaseExecutor.accessMainPhase(TestCaseExecutor.java:293)
	at com.kms.katalon.core.main.TestCaseExecutor.execute(TestCaseExecutor.java:227)
	at com.kms.katalon.core.main.TestSuiteExecutor.accessTestCaseMainPhase(TestSuiteExecutor.java:129)
	at com.kms.katalon.core.main.TestSuiteExecutor.accessTestSuiteMainPhase(TestSuiteExecutor.java:112)
	at com.kms.katalon.core.main.TestSuiteExecutor.execute(TestSuiteExecutor.java:81)
	at com.kms.katalon.core.main.TestCaseMain.startTestSuite(TestCaseMain.java:157)
	at com.kms.katalon.core.main.TestCaseMain$startTestSuite$0.call(Unknown Source)
	at TempTestSuite1573987673488.run(TempTestSuite1573987673488.groovy:35)


2019-11-17 12:48:59 - [TEST_STEP][PASSED] - file = <not implemented yet for class: org.codehaus.groovy.ast.expr.EmptyExpression>: null

2019-11-17 12:48:59 - [TEST_STEP][PASSED] - BackeryCode = <not implemented yet for class: org.codehaus.groovy.ast.expr.EmptyExpression>: null

2019-11-17 12:48:59 - [TEST_STEP][PASSED] - file = new java.io.File(C:\Users\smart\Katalon Studio\BakeryManagementSystem\Cash\GetBackeryCode.txt): null

2019-11-17 12:48:59 - [TEST_STEP][PASSED] - BackeryCode = file.readLines(): null

2019-11-17 12:48:59 - [TEST_STEP][PASSED] - BackeryCode = BackeryCode.replaceAll("[^\d]", ""): null

2019-11-17 12:48:59 - [TEST_STEP][PASSED] - println(BackeryCode): null

2019-11-17 12:48:59 - [TEST_STEP][PASSED] - setText(findTestObject("CreateIncreaseInsuranceCouta/Page_/input_ _formj_idt34"), BackeryCode): Text '030002' is set on object 'Object Repository/CreateIncreaseInsuranceCouta/Page_/input_ _formj_idt34'

2019-11-17 12:49:00 - [MESSAGE][PASSED] - Text '030002' is set on object 'Object Repository/CreateIncreaseInsuranceCouta/Page_/input_ _formj_idt34'

2019-11-17 12:49:00 - [TEST_STEP][FAILED] - click(findTestObject("Object Repository/CreateMdifyBankAcc/Page_/span_ (1)")): click(findTestObject("Object Repository/CreateMdifyBankAcc/Page_/span_ (1)")) FAILED.
Reason:
com.kms.katalon.core.exception.StepFailedException: Unable to click on object 'Object Repository/CreateMdifyBankAcc/Page_/span_ (1)'
	at com.kms.katalon.core.keyword.internal.KeywordMain.stepFailed(KeywordMain.groovy:48)
	at com.kms.katalon.core.webui.keyword.internal.WebUIKeywordMain.stepFailed(WebUIKeywordMain.groovy:65)
	at com.kms.katalon.core.webui.keyword.internal.WebUIKeywordMain.runKeyword(WebUIKeywordMain.groovy:27)
	at com.kms.katalon.core.webui.keyword.builtin.ClickKeyword.click(ClickKeyword.groovy:86)
	at com.kms.katalon.core.webui.keyword.builtin.ClickKeyword.execute(ClickKeyword.groovy:67)
	at com.kms.katalon.core.keyword.internal.KeywordExecutor.executeKeywordForPlatform(KeywordExecutor.groovy:56)
	at com.kms.katalon.core.webui.keyword.WebUiBuiltInKeywords.click(WebUiBuiltInKeywords.groovy:616)
	at com.kms.katalon.core.webui.keyword.WebUiBuiltInKeywords$click$4.call(Unknown Source)
	at SearchForBakeryCodeByDirectorateEmployee.run(SearchForBakeryCodeByDirectorateEmployee:33)
	at com.kms.katalon.core.main.ScriptEngine.run(ScriptEngine.java:194)
	at com.kms.katalon.core.main.ScriptEngine.runScriptAsRawText(ScriptEngine.java:119)
	at com.kms.katalon.core.main.TestCaseExecutor.runScript(TestCaseExecutor.java:331)
	at com.kms.katalon.core.main.TestCaseExecutor.doExecute(TestCaseExecutor.java:322)
	at com.kms.katalon.core.main.TestCaseExecutor.processExecutionPhase(TestCaseExecutor.java:301)
	at com.kms.katalon.core.main.TestCaseExecutor.accessMainPhase(TestCaseExecutor.java:293)
	at com.kms.katalon.core.main.TestCaseExecutor.execute(TestCaseExecutor.java:227)
	at com.kms.katalon.core.main.TestSuiteExecutor.accessTestCaseMainPhase(TestSuiteExecutor.java:129)
	at com.kms.katalon.core.main.TestSuiteExecutor.accessTestSuiteMainPhase(TestSuiteExecutor.java:112)
	at com.kms.katalon.core.main.TestSuiteExecutor.execute(TestSuiteExecutor.java:81)
	at com.kms.katalon.core.main.TestCaseMain.startTestSuite(TestCaseMain.java:157)
	at com.kms.katalon.core.main.TestCaseMain$startTestSuite$0.call(Unknown Source)
	at TempTestSuite1573987673488.run(TempTestSuite1573987673488.groovy:35)


2019-11-17 12:49:30 - [MESSAGE][INFO] - Unable to find the element located by 'By.xpath: //button[@id='form:j_idt35']/span'. Please recheck the objects properties to make sure the desired element is located. 

2019-11-17 12:49:31 - [MESSAGE][FAILED] - Unable to click on object 'Object Repository/CreateMdifyBankAcc/Page_/span_ (1)'
[[ATTACHMENT|C:\\Users\\smart\\Katalon Studio\\BakeryManagementSystem\\Reports\\TestSuites\\IncreaseInsuranceBagsCouta\\20191117_124753\\1573987770903.png]]

2019-11-17 12:49:31 - [MESSAGE][FAILED] - click(findTestObject("Object Repository/CreateMdifyBankAcc/Page_/span_ (1)")) FAILED.
Reason:
com.kms.katalon.core.exception.StepFailedException: Unable to click on object 'Object Repository/CreateMdifyBankAcc/Page_/span_ (1)'
	at com.kms.katalon.core.keyword.internal.KeywordMain.stepFailed(KeywordMain.groovy:48)
	at com.kms.katalon.core.webui.keyword.internal.WebUIKeywordMain.stepFailed(WebUIKeywordMain.groovy:65)
	at com.kms.katalon.core.webui.keyword.internal.WebUIKeywordMain.runKeyword(WebUIKeywordMain.groovy:27)
	at com.kms.katalon.core.webui.keyword.builtin.ClickKeyword.click(ClickKeyword.groovy:86)
	at com.kms.katalon.core.webui.keyword.builtin.ClickKeyword.execute(ClickKeyword.groovy:67)
	at com.kms.katalon.core.keyword.internal.KeywordExecutor.executeKeywordForPlatform(KeywordExecutor.groovy:56)
	at com.kms.katalon.core.webui.keyword.WebUiBuiltInKeywords.click(WebUiBuiltInKeywords.groovy:616)
	at com.kms.katalon.core.webui.keyword.WebUiBuiltInKeywords$click$4.call(Unknown Source)
	at SearchForBakeryCodeByDirectorateEmployee.run(SearchForBakeryCodeByDirectorateEmployee:33)
	at com.kms.katalon.core.main.ScriptEngine.run(ScriptEngine.java:194)
	at com.kms.katalon.core.main.ScriptEngine.runScriptAsRawText(ScriptEngine.java:119)
	at com.kms.katalon.core.main.TestCaseExecutor.runScript(TestCaseExecutor.java:331)
	at com.kms.katalon.core.main.TestCaseExecutor.doExecute(TestCaseExecutor.java:322)
	at com.kms.katalon.core.main.TestCaseExecutor.processExecutionPhase(TestCaseExecutor.java:301)
	at com.kms.katalon.core.main.TestCaseExecutor.accessMainPhase(TestCaseExecutor.java:293)
	at com.kms.katalon.core.main.TestCaseExecutor.execute(TestCaseExecutor.java:227)
	at com.kms.katalon.core.main.TestSuiteExecutor.accessTestCaseMainPhase(TestSuiteExecutor.java:129)
	at com.kms.katalon.core.main.TestSuiteExecutor.accessTestSuiteMainPhase(TestSuiteExecutor.java:112)
	at com.kms.katalon.core.main.TestSuiteExecutor.execute(TestSuiteExecutor.java:81)
	at com.kms.katalon.core.main.TestCaseMain.startTestSuite(TestCaseMain.java:157)
	at com.kms.katalon.core.main.TestCaseMain$startTestSuite$0.call(Unknown Source)
	at TempTestSuite1573987673488.run(TempTestSuite1573987673488.groovy:35)]]></system-out>
         <system-err><![CDATA[2019-11-17 12:48:59 - [TEST_CASE][FAILED] - Test Cases/SpecificTab/IncreaseInsuranceBagsCouta/SearchForBakeryCodeByDirectorateEmployee: Test Cases/SpecificTab/IncreaseInsuranceBagsCouta/SearchForBakeryCodeByDirectorateEmployee FAILED.
Reason:
com.kms.katalon.core.exception.StepFailedException: Unable to click on object 'Object Repository/CreateMdifyBankAcc/Page_/span_ (1)'
	at com.kms.katalon.core.keyword.internal.KeywordMain.stepFailed(KeywordMain.groovy:48)
	at com.kms.katalon.core.webui.keyword.internal.WebUIKeywordMain.stepFailed(WebUIKeywordMain.groovy:65)
	at com.kms.katalon.core.webui.keyword.internal.WebUIKeywordMain.runKeyword(WebUIKeywordMain.groovy:27)
	at com.kms.katalon.core.webui.keyword.builtin.ClickKeyword.click(ClickKeyword.groovy:86)
	at com.kms.katalon.core.webui.keyword.builtin.ClickKeyword.execute(ClickKeyword.groovy:67)
	at com.kms.katalon.core.keyword.internal.KeywordExecutor.executeKeywordForPlatform(KeywordExecutor.groovy:56)
	at com.kms.katalon.core.webui.keyword.WebUiBuiltInKeywords.click(WebUiBuiltInKeywords.groovy:616)
	at com.kms.katalon.core.webui.keyword.WebUiBuiltInKeywords$click$4.call(Unknown Source)
	at SearchForBakeryCodeByDirectorateEmployee.run(SearchForBakeryCodeByDirectorateEmployee:33)
	at com.kms.katalon.core.main.ScriptEngine.run(ScriptEngine.java:194)
	at com.kms.katalon.core.main.ScriptEngine.runScriptAsRawText(ScriptEngine.java:119)
	at com.kms.katalon.core.main.TestCaseExecutor.runScript(TestCaseExecutor.java:331)
	at com.kms.katalon.core.main.TestCaseExecutor.doExecute(TestCaseExecutor.java:322)
	at com.kms.katalon.core.main.TestCaseExecutor.processExecutionPhase(TestCaseExecutor.java:301)
	at com.kms.katalon.core.main.TestCaseExecutor.accessMainPhase(TestCaseExecutor.java:293)
	at com.kms.katalon.core.main.TestCaseExecutor.execute(TestCaseExecutor.java:227)
	at com.kms.katalon.core.main.TestSuiteExecutor.accessTestCaseMainPhase(TestSuiteExecutor.java:129)
	at com.kms.katalon.core.main.TestSuiteExecutor.accessTestSuiteMainPhase(TestSuiteExecutor.java:112)
	at com.kms.katalon.core.main.TestSuiteExecutor.execute(TestSuiteExecutor.java:81)
	at com.kms.katalon.core.main.TestCaseMain.startTestSuite(TestCaseMain.java:157)
	at com.kms.katalon.core.main.TestCaseMain$startTestSuite$0.call(Unknown Source)
	at TempTestSuite1573987673488.run(TempTestSuite1573987673488.groovy:35)]]></system-err>
      </testcase>
      <system-out><![CDATA[2019-11-17 12:47:57 - [TEST_SUITE][FAILED] - IncreaseInsuranceBagsCouta: Test Cases/SpecificTab/IncreaseInsuranceBagsCouta/SearchForBakeryCodeByDirectorateEmployee FAILED.
Reason:
com.kms.katalon.core.exception.StepFailedException: Unable to click on object 'Object Repository/CreateMdifyBankAcc/Page_/span_ (1)'
	at com.kms.katalon.core.keyword.internal.KeywordMain.stepFailed(KeywordMain.groovy:48)
	at com.kms.katalon.core.webui.keyword.internal.WebUIKeywordMain.stepFailed(WebUIKeywordMain.groovy:65)
	at com.kms.katalon.core.webui.keyword.internal.WebUIKeywordMain.runKeyword(WebUIKeywordMain.groovy:27)
	at com.kms.katalon.core.webui.keyword.builtin.ClickKeyword.click(ClickKeyword.groovy:86)
	at com.kms.katalon.core.webui.keyword.builtin.ClickKeyword.execute(ClickKeyword.groovy:67)
	at com.kms.katalon.core.keyword.internal.KeywordExecutor.executeKeywordForPlatform(KeywordExecutor.groovy:56)
	at com.kms.katalon.core.webui.keyword.WebUiBuiltInKeywords.click(WebUiBuiltInKeywords.groovy:616)
	at com.kms.katalon.core.webui.keyword.WebUiBuiltInKeywords$click$4.call(Unknown Source)
	at SearchForBakeryCodeByDirectorateEmployee.run(SearchForBakeryCodeByDirectorateEmployee:33)
	at com.kms.katalon.core.main.ScriptEngine.run(ScriptEngine.java:194)
	at com.kms.katalon.core.main.ScriptEngine.runScriptAsRawText(ScriptEngine.java:119)
	at com.kms.katalon.core.main.TestCaseExecutor.runScript(TestCaseExecutor.java:331)
	at com.kms.katalon.core.main.TestCaseExecutor.doExecute(TestCaseExecutor.java:322)
	at com.kms.katalon.core.main.TestCaseExecutor.processExecutionPhase(TestCaseExecutor.java:301)
	at com.kms.katalon.core.main.TestCaseExecutor.accessMainPhase(TestCaseExecutor.java:293)
	at com.kms.katalon.core.main.TestCaseExecutor.execute(TestCaseExecutor.java:227)
	at com.kms.katalon.core.main.TestSuiteExecutor.accessTestCaseMainPhase(TestSuiteExecutor.java:129)
	at com.kms.katalon.core.main.TestSuiteExecutor.accessTestSuiteMainPhase(TestSuiteExecutor.java:112)
	at com.kms.katalon.core.main.TestSuiteExecutor.execute(TestSuiteExecutor.java:81)
	at com.kms.katalon.core.main.TestCaseMain.startTestSuite(TestCaseMain.java:157)
	at com.kms.katalon.core.main.TestCaseMain$startTestSuite$0.call(Unknown Source)
	at TempTestSuite1573987673488.run(TempTestSuite1573987673488.groovy:35)]]></system-out>
      <system-err><![CDATA[2019-11-17 12:47:57 - [TEST_SUITE][FAILED] - IncreaseInsuranceBagsCouta: Test Cases/SpecificTab/IncreaseInsuranceBagsCouta/SearchForBakeryCodeByDirectorateEmployee FAILED.
Reason:
com.kms.katalon.core.exception.StepFailedException: Unable to click on object 'Object Repository/CreateMdifyBankAcc/Page_/span_ (1)'
	at com.kms.katalon.core.keyword.internal.KeywordMain.stepFailed(KeywordMain.groovy:48)
	at com.kms.katalon.core.webui.keyword.internal.WebUIKeywordMain.stepFailed(WebUIKeywordMain.groovy:65)
	at com.kms.katalon.core.webui.keyword.internal.WebUIKeywordMain.runKeyword(WebUIKeywordMain.groovy:27)
	at com.kms.katalon.core.webui.keyword.builtin.ClickKeyword.click(ClickKeyword.groovy:86)
	at com.kms.katalon.core.webui.keyword.builtin.ClickKeyword.execute(ClickKeyword.groovy:67)
	at com.kms.katalon.core.keyword.internal.KeywordExecutor.executeKeywordForPlatform(KeywordExecutor.groovy:56)
	at com.kms.katalon.core.webui.keyword.WebUiBuiltInKeywords.click(WebUiBuiltInKeywords.groovy:616)
	at com.kms.katalon.core.webui.keyword.WebUiBuiltInKeywords$click$4.call(Unknown Source)
	at SearchForBakeryCodeByDirectorateEmployee.run(SearchForBakeryCodeByDirectorateEmployee:33)
	at com.kms.katalon.core.main.ScriptEngine.run(ScriptEngine.java:194)
	at com.kms.katalon.core.main.ScriptEngine.runScriptAsRawText(ScriptEngine.java:119)
	at com.kms.katalon.core.main.TestCaseExecutor.runScript(TestCaseExecutor.java:331)
	at com.kms.katalon.core.main.TestCaseExecutor.doExecute(TestCaseExecutor.java:322)
	at com.kms.katalon.core.main.TestCaseExecutor.processExecutionPhase(TestCaseExecutor.java:301)
	at com.kms.katalon.core.main.TestCaseExecutor.accessMainPhase(TestCaseExecutor.java:293)
	at com.kms.katalon.core.main.TestCaseExecutor.execute(TestCaseExecutor.java:227)
	at com.kms.katalon.core.main.TestSuiteExecutor.accessTestCaseMainPhase(TestSuiteExecutor.java:129)
	at com.kms.katalon.core.main.TestSuiteExecutor.accessTestSuiteMainPhase(TestSuiteExecutor.java:112)
	at com.kms.katalon.core.main.TestSuiteExecutor.execute(TestSuiteExecutor.java:81)
	at com.kms.katalon.core.main.TestCaseMain.startTestSuite(TestCaseMain.java:157)
	at com.kms.katalon.core.main.TestCaseMain$startTestSuite$0.call(Unknown Source)
	at TempTestSuite1573987673488.run(TempTestSuite1573987673488.groovy:35)]]></system-err>
   </testsuite>
</testsuites>
