<?xml version="1.0" encoding="UTF-8"?>
<testsuites name="EditBankAccountForBakery - Copy" time="28" tests="6" failures="1" errors="0">
   <testsuite name="EditBankAccountForBakery - Copy" tests="6" failures="1" errors="0" time="28" timestamp="2019-10-09 12:37:52" hostname="smart - Sara-IT" id="Test Suites/TestSuites/EditBankAccountForBakery - Copy">
      <properties>
         <property name="deviceName" value=""/>
         <property name="devicePlatform" value=""/>
         <property name="logFolder" value="C:\\Users\\smart\\Katalon Studio\\BakeryManagementSystem.Share\\Reports\\TestSuites\\EditBankAccountForBakery - Copy\\20191009_123749"/>
         <property name="logFiles" value="C:\\Users\\smart\\Katalon Studio\\BakeryManagementSystem.Share\\Reports\\TestSuites\\EditBankAccountForBakery - Copy\\20191009_123749\\execution0.log"/>
         <property name="attachments" value="C:\\Users\\smart\\Katalon Studio\\BakeryManagementSystem.Share\\Reports\\TestSuites\\EditBankAccountForBakery - Copy\\20191009_123749\\1570617498997.png"/>
         <property name="hostName" value="smart - Sara-IT"/>
         <property name="os" value="Windows 10 64bit"/>
         <property name="katalonVersion" value="6.0.5.10"/>
         <property name="browser" value="Chrome 77.0.3865.90"/>
         <property name="hostAddress" value="10.43.30.179"/>
         <property name="sessionId" value="67cc5a030acf2ecb905951d5167b57d4"/>
         <property name="seleniumVersion" value="3.7.1"/>
         <property name="proxyInformation" value="ProxyInformation{proxyOption=NO_PROXY, proxyServerType=HTTP, password=, proxyServerAddress=, proxyServerPort=0}"/>
         <property name="platform" value="Windows 10"/>
      </properties>
      <testcase name="Test Cases/General/GetData/EditBakeryBankAccountGetData" classname="Test Cases/General/GetData/EditBakeryBankAccountGetData" status="PASSED">
         <system-out><![CDATA[2019-10-09 12:37:53 - [TEST_CASE][PASSED] - Test Cases/General/GetData/EditBakeryBankAccountGetData: Test Cases/General/GetData/EditBakeryBankAccountGetData

2019-10-09 12:37:54 - [TEST_STEP][PASSED] - Query = <not implemented yet for class: org.codehaus.groovy.ast.expr.EmptyExpression>: null

2019-10-09 12:37:54 - [TEST_STEP][PASSED] - file = <not implemented yet for class: org.codehaus.groovy.ast.expr.EmptyExpression>: null

2019-10-09 12:37:54 - [TEST_STEP][PASSED] - Query = "Select * from base_bakery b inner join bakery_ach_data ach on b.BAKERY_CODE = ach.bakery_code  where b.governorate_code=90 and b.BAKERY_CODE not in(select BAKERY_CODE from REQ_BAKERY_ACH_DATA rbb,Requests r where rbb.REQ_CODE = r.REQ_CODE and r.REQ_CHANNEL=" + "'" + "BAKERY_ACC" + "' and r.REQ_STATUS = " + "'" + "FR_APRV" + "'and r.APP_TYPE=1) ": null

2019-10-09 12:37:54 - [TEST_STEP][PASSED] - println(Query): null

2019-10-09 12:37:54 - [TEST_STEP][PASSED] - dataBaseConnection.GetOracleQueryResult.conectsql("bdistribute", "12345678", Query, "C:\Users\smart\Katalon Studio\BakeryManagementSystem.Share\Cash\BakeryHaveBankAccount.txt"): dataBaseConnection.GetOracleQueryResult.conectsql is PASSED

2019-10-09 12:37:56 - [MESSAGE][PASSED] - dataBaseConnection.GetOracleQueryResult.conectsql is PASSED

2019-10-09 12:37:56 - [TEST_STEP][PASSED] - file = new java.io.File(C:\Users\smart\Katalon Studio\BakeryManagementSystem.Share\Cash\ValidUserName.txt): null

2019-10-09 12:37:56 - [TEST_STEP][PASSED] - file.write(findTestData("BakeryDataFileDirectorateAndCommodityEmployee").getValue(1, 1)): null

2019-10-09 12:37:58 - [TEST_STEP][PASSED] - file = new java.io.File(C:\Users\smart\Katalon Studio\BakeryManagementSystem.Share\Cash\ValidPassword.txt): null

2019-10-09 12:37:58 - [TEST_STEP][PASSED] - file.write(findTestData("BakeryDataFileDirectorateAndCommodityEmployee").getValue(2, 1)): null

2019-10-09 12:37:58 - [TEST_STEP][PASSED] - file = new java.io.File(C:\Users\smart\Katalon Studio\BakeryManagementSystem.Share\Cash\AccNumber.txt): null

2019-10-09 12:37:58 - [TEST_STEP][PASSED] - file.write(findTestData("BakeryDataFileDirectorateAndCommodityEmployee").getValue(6, 1)): null

2019-10-09 12:37:58 - [TEST_STEP][PASSED] - file = new java.io.File(C:\Users\smart\Katalon Studio\BakeryManagementSystem.Share\Cash\AccName.txt): null

2019-10-09 12:37:58 - [TEST_STEP][PASSED] - file.write(findTestData("BakeryDataFileDirectorateAndCommodityEmployee").getValue(7, 1)): null

2019-10-09 12:37:58 - [TEST_STEP][PASSED] - file = new java.io.File(C:\Users\smart\Katalon Studio\BakeryManagementSystem.Share\Cash\NIDNumber.txt): null

2019-10-09 12:37:58 - [TEST_STEP][PASSED] - file.write("28502063200094"): null]]></system-out>
         <system-err><![CDATA[]]></system-err>
      </testcase>
      <testcase name="Test Cases/SpecificTab/CreateModifyBankAccountForBakeryMethod/DeleteAllReqBySpecificNID" classname="Test Cases/SpecificTab/CreateModifyBankAccountForBakeryMethod/DeleteAllReqBySpecificNID" status="PASSED">
         <system-out><![CDATA[2019-10-09 12:37:58 - [TEST_CASE][PASSED] - Test Cases/SpecificTab/CreateModifyBankAccountForBakeryMethod/DeleteAllReqBySpecificNID: Test Cases/SpecificTab/CreateModifyBankAccountForBakeryMethod/DeleteAllReqBySpecificNID

2019-10-09 12:37:58 - [TEST_STEP][PASSED] - Query = <not implemented yet for class: org.codehaus.groovy.ast.expr.EmptyExpression>: null

2019-10-09 12:37:58 - [TEST_STEP][PASSED] - Query = "begin for ch in (select REQ_CODE from REQ_BAKERY_ACH_DATA  where ACC_OWNER_NID='28502063200094') loop  delete   REQ_ACTIVITY where REQ_CODE =ch.REQ_CODE ; delete from REQ_BAKERY_ACH_DATA where REQ_CODE = ch.REQ_CODE; delete from REQUESTS   where REQ_CODE = ch.REQ_CODE;commit; end loop; end;": null

2019-10-09 12:37:58 - [TEST_STEP][PASSED] - dataBaseConnection.UpdateOracleQuery.conectsql("bdistribute", "12345678", Query): dataBaseConnection.UpdateOracleQuery.conectsql is PASSED

2019-10-09 12:37:59 - [MESSAGE][PASSED] - dataBaseConnection.UpdateOracleQuery.conectsql is PASSED]]></system-out>
         <system-err><![CDATA[]]></system-err>
      </testcase>
      <testcase name="Test Cases/General/OpenMethods/OpenBakerySystemByDirectorateEmployeeMethod" classname="Test Cases/General/OpenMethods/OpenBakerySystemByDirectorateEmployeeMethod" status="PASSED">
         <system-out><![CDATA[2019-10-09 12:37:59 - [TEST_CASE][PASSED] - Test Cases/General/OpenMethods/OpenBakerySystemByDirectorateEmployeeMethod: Test Cases/General/OpenMethods/OpenBakerySystemByDirectorateEmployeeMethod

2019-10-09 12:37:59 - [TEST_STEP][PASSED] - openBrowser(""): Browser is opened with url: ''

2019-10-09 12:38:00 - [MESSAGE][INFO] - Starting 'Chrome' driver

2019-10-09 12:38:00 - [MESSAGE][INFO] - Action delay is set to 0 seconds

2019-10-09 12:38:03 - [MESSAGE][PASSED] - Browser is opened with url: ''

2019-10-09 12:38:03 - [TEST_STEP][PASSED] - navigateToUrl("http://81.29.102.138:7001/bakeriessystem/login.jsf"): Navigate to 'http://81.29.102.138:7001/bakeriessystem/login.jsf' successfully

2019-10-09 12:38:06 - [MESSAGE][PASSED] - Navigate to 'http://81.29.102.138:7001/bakeriessystem/login.jsf' successfully

2019-10-09 12:38:06 - [TEST_STEP][PASSED] - maximizeWindow(): Current window maximized

2019-10-09 12:38:07 - [MESSAGE][PASSED] - Current window maximized

2019-10-09 12:38:07 - [TEST_STEP][PASSED] - setText(findTestObject("Object Repository/Login/Page_/input__username"), findTestData("BakeryDataFileDirectorateAndCommodityEmployee").getValue(1, 1)): Text 'BM0442' is set on object 'Object Repository/Login/Page_/input__username'

2019-10-09 12:38:07 - [MESSAGE][PASSED] - Text 'BM0442' is set on object 'Object Repository/Login/Page_/input__username'

2019-10-09 12:38:07 - [TEST_STEP][PASSED] - setEncryptedText(findTestObject("Object Repository/Login/Page_/input__password"), findTestData("BakeryDataFileDirectorateAndCommodityEmployee").getValue(2, 1)): Text ****** has been set on object 'Object Repository/Login/Page_/input__password'

2019-10-09 12:38:07 - [MESSAGE][PASSED] - Text ****** has been set on object 'Object Repository/Login/Page_/input__password'

2019-10-09 12:38:07 - [TEST_STEP][PASSED] - click(findTestObject("Object Repository/Login/Page_/span_")): Object: 'Object Repository/Login/Page_/span_' is clicked on

2019-10-09 12:38:12 - [MESSAGE][PASSED] - Object: 'Object Repository/Login/Page_/span_' is clicked on

2019-10-09 12:38:12 - [TEST_STEP][PASSED] - waitForPageLoad(3): Wait for page load successfully

2019-10-09 12:38:12 - [MESSAGE][PASSED] - Wait for page load successfully]]></system-out>
         <system-err><![CDATA[]]></system-err>
      </testcase>
      <testcase name="Test Cases/General/OpenMethods/OpenCreateModifyBankAccountForBakeryTabMethod" classname="Test Cases/General/OpenMethods/OpenCreateModifyBankAccountForBakeryTabMethod" status="PASSED">
         <system-out><![CDATA[2019-10-09 12:38:12 - [TEST_CASE][PASSED] - Test Cases/General/OpenMethods/OpenCreateModifyBankAccountForBakeryTabMethod: Test Cases/General/OpenMethods/OpenCreateModifyBankAccountForBakeryTabMethod

2019-10-09 12:38:12 - [TEST_STEP][PASSED] - navigateToUrl("http://81.29.102.138:7001/bakeriessystem/manager/EditBakeryAccount.jsf"): Navigate to 'http://81.29.102.138:7001/bakeriessystem/manager/EditBakeryAccount.jsf' successfully

2019-10-09 12:38:14 - [MESSAGE][PASSED] - Navigate to 'http://81.29.102.138:7001/bakeriessystem/manager/EditBakeryAccount.jsf' successfully]]></system-out>
         <system-err><![CDATA[]]></system-err>
      </testcase>
      <testcase name="Test Cases/SpecificTab/CreateModifyBankAccountForBakeryMethod/SearchForBakeryCodeByCommodityEmployee-Edit" classname="Test Cases/SpecificTab/CreateModifyBankAccountForBakeryMethod/SearchForBakeryCodeByCommodityEmployee-Edit" status="PASSED">
         <system-out><![CDATA[2019-10-09 12:38:14 - [TEST_CASE][PASSED] - Test Cases/SpecificTab/CreateModifyBankAccountForBakeryMethod/SearchForBakeryCodeByCommodityEmployee-Edit: Test Cases/SpecificTab/CreateModifyBankAccountForBakeryMethod/SearchForBakeryCodeByCommodityEmployee-Edit

2019-10-09 12:38:15 - [TEST_STEP][PASSED] - file = new java.io.File(C:\Users\smart\Katalon Studio\BakeryManagementSystem.Share\Cash\BakeryHaveBankAccount.txt): null

2019-10-09 12:38:15 - [TEST_STEP][PASSED] - BakeryHaveBankAccount = file.readLines(): null

2019-10-09 12:38:15 - [TEST_STEP][PASSED] - BakeryHaveBankAccount = BakeryHaveBankAccount.replaceAll("[^\d]", ""): null

2019-10-09 12:38:15 - [TEST_STEP][PASSED] - setText(findTestObject("ReviewAddBankAcc/Page_/Review-BakeryCodeSearchField"), BakeryHaveBankAccount): Text '900006' is set on object 'Object Repository/ReviewAddBankAcc/Page_/Review-BakeryCodeSearchField'

2019-10-09 12:38:15 - [MESSAGE][PASSED] - Text '900006' is set on object 'Object Repository/ReviewAddBankAcc/Page_/Review-BakeryCodeSearchField'

2019-10-09 12:38:15 - [TEST_STEP][PASSED] - click(findTestObject("ReviewAddBankAcc/Page_/Review-SearchButton")): Object: 'Object Repository/ReviewAddBankAcc/Page_/Review-SearchButton' is clicked on

2019-10-09 12:38:15 - [MESSAGE][PASSED] - Object: 'Object Repository/ReviewAddBankAcc/Page_/Review-SearchButton' is clicked on]]></system-out>
         <system-err><![CDATA[]]></system-err>
      </testcase>
      <testcase name="Test Cases/SpecificTab/CreateModifyBankAccountForBakeryMethod/EditValidBankAccData" classname="Test Cases/SpecificTab/CreateModifyBankAccountForBakeryMethod/EditValidBankAccData" status="FAILED">
         <failure type="FAILED" message="Test Cases/SpecificTab/CreateModifyBankAccountForBakeryMethod/EditValidBankAccData FAILED.
Reason:
com.kms.katalon.core.exception.StepFailedException: Unable to click on object 'Object Repository/BankAccDataField/Page_ (1)/div__ui-SelectBranch'
	at com.kms.katalon.core.keyword.internal.KeywordMain.stepFailed(KeywordMain.groovy:37)
	at com.kms.katalon.core.webui.keyword.internal.WebUIKeywordMain.stepFailed(WebUIKeywordMain.groovy:65)
	at com.kms.katalon.core.webui.keyword.internal.WebUIKeywordMain.runKeyword(WebUIKeywordMain.groovy:27)
	at com.kms.katalon.core.webui.keyword.builtin.ClickKeyword.click(ClickKeyword.groovy:86)
	at com.kms.katalon.core.webui.keyword.builtin.ClickKeyword.execute(ClickKeyword.groovy:67)
	at com.kms.katalon.core.keyword.internal.KeywordExecutor.executeKeywordForPlatform(KeywordExecutor.groovy:56)
	at com.kms.katalon.core.webui.keyword.WebUiBuiltInKeywords.click(WebUiBuiltInKeywords.groovy:604)
	at com.kms.katalon.core.webui.keyword.WebUiBuiltInKeywords$click$6.call(Unknown Source)
	at EditValidBankAccData.run(EditValidBankAccData:24)
	at com.kms.katalon.core.main.ScriptEngine.run(ScriptEngine.java:194)
	at com.kms.katalon.core.main.ScriptEngine.runScriptAsRawText(ScriptEngine.java:119)
	at com.kms.katalon.core.main.TestCaseExecutor.runScript(TestCaseExecutor.java:331)
	at com.kms.katalon.core.main.TestCaseExecutor.doExecute(TestCaseExecutor.java:322)
	at com.kms.katalon.core.main.TestCaseExecutor.processExecutionPhase(TestCaseExecutor.java:301)
	at com.kms.katalon.core.main.TestCaseExecutor.accessMainPhase(TestCaseExecutor.java:293)
	at com.kms.katalon.core.main.TestCaseExecutor.execute(TestCaseExecutor.java:227)
	at com.kms.katalon.core.main.TestSuiteExecutor.accessTestCaseMainPhase(TestSuiteExecutor.java:129)
	at com.kms.katalon.core.main.TestSuiteExecutor.accessTestSuiteMainPhase(TestSuiteExecutor.java:112)
	at com.kms.katalon.core.main.TestSuiteExecutor.execute(TestSuiteExecutor.java:81)
	at com.kms.katalon.core.main.TestCaseMain.startTestSuite(TestCaseMain.java:157)
	at com.kms.katalon.core.main.TestCaseMain$startTestSuite$0.call(Unknown Source)
	at TempTestSuite1570617469099.run(TempTestSuite1570617469099.groovy:35)
"/>
         <system-out><![CDATA[2019-10-09 12:38:15 - [TEST_CASE][FAILED] - Test Cases/SpecificTab/CreateModifyBankAccountForBakeryMethod/EditValidBankAccData: Test Cases/SpecificTab/CreateModifyBankAccountForBakeryMethod/EditValidBankAccData FAILED.
Reason:
com.kms.katalon.core.exception.StepFailedException: Unable to click on object 'Object Repository/BankAccDataField/Page_ (1)/div__ui-SelectBranch'
	at com.kms.katalon.core.keyword.internal.KeywordMain.stepFailed(KeywordMain.groovy:37)
	at com.kms.katalon.core.webui.keyword.internal.WebUIKeywordMain.stepFailed(WebUIKeywordMain.groovy:65)
	at com.kms.katalon.core.webui.keyword.internal.WebUIKeywordMain.runKeyword(WebUIKeywordMain.groovy:27)
	at com.kms.katalon.core.webui.keyword.builtin.ClickKeyword.click(ClickKeyword.groovy:86)
	at com.kms.katalon.core.webui.keyword.builtin.ClickKeyword.execute(ClickKeyword.groovy:67)
	at com.kms.katalon.core.keyword.internal.KeywordExecutor.executeKeywordForPlatform(KeywordExecutor.groovy:56)
	at com.kms.katalon.core.webui.keyword.WebUiBuiltInKeywords.click(WebUiBuiltInKeywords.groovy:604)
	at com.kms.katalon.core.webui.keyword.WebUiBuiltInKeywords$click$6.call(Unknown Source)
	at EditValidBankAccData.run(EditValidBankAccData:24)
	at com.kms.katalon.core.main.ScriptEngine.run(ScriptEngine.java:194)
	at com.kms.katalon.core.main.ScriptEngine.runScriptAsRawText(ScriptEngine.java:119)
	at com.kms.katalon.core.main.TestCaseExecutor.runScript(TestCaseExecutor.java:331)
	at com.kms.katalon.core.main.TestCaseExecutor.doExecute(TestCaseExecutor.java:322)
	at com.kms.katalon.core.main.TestCaseExecutor.processExecutionPhase(TestCaseExecutor.java:301)
	at com.kms.katalon.core.main.TestCaseExecutor.accessMainPhase(TestCaseExecutor.java:293)
	at com.kms.katalon.core.main.TestCaseExecutor.execute(TestCaseExecutor.java:227)
	at com.kms.katalon.core.main.TestSuiteExecutor.accessTestCaseMainPhase(TestSuiteExecutor.java:129)
	at com.kms.katalon.core.main.TestSuiteExecutor.accessTestSuiteMainPhase(TestSuiteExecutor.java:112)
	at com.kms.katalon.core.main.TestSuiteExecutor.execute(TestSuiteExecutor.java:81)
	at com.kms.katalon.core.main.TestCaseMain.startTestSuite(TestCaseMain.java:157)
	at com.kms.katalon.core.main.TestCaseMain$startTestSuite$0.call(Unknown Source)
	at TempTestSuite1570617469099.run(TempTestSuite1570617469099.groovy:35)


2019-10-09 12:38:15 - [TEST_STEP][PASSED] - file = <not implemented yet for class: org.codehaus.groovy.ast.expr.EmptyExpression>: null

2019-10-09 12:38:15 - [TEST_STEP][PASSED] - FileText = <not implemented yet for class: org.codehaus.groovy.ast.expr.EmptyExpression>: null

2019-10-09 12:38:15 - [TEST_STEP][PASSED] - click(findTestObject("BankAccDataField/Page_ (1)/span__ui-icon ui-icon-triangle-1-s ui-c_1-Select")): Object: 'Object Repository/BankAccDataField/Page_ (1)/span__ui-icon ui-icon-triangle-1-s ui-c_1-Select' is clicked on

2019-10-09 12:38:17 - [MESSAGE][PASSED] - Object: 'Object Repository/BankAccDataField/Page_ (1)/span__ui-icon ui-icon-triangle-1-s ui-c_1-Select' is clicked on

2019-10-09 12:38:17 - [TEST_STEP][PASSED] - click(findTestObject("BankAccDataField/Page_ (1)/li_   -")): Object: 'Object Repository/BankAccDataField/Page_ (1)/li_   -' is clicked on

2019-10-09 12:38:17 - [MESSAGE][PASSED] - Object: 'Object Repository/BankAccDataField/Page_ (1)/li_   -' is clicked on

2019-10-09 12:38:17 - [TEST_STEP][FAILED] - click(findTestObject("BankAccDataField/Page_ (1)/div__ui-SelectBranch"), CONTINUE_ON_FAILURE): Unable to click on object 'Object Repository/BankAccDataField/Page_ (1)/div__ui-SelectBranch'

2019-10-09 12:38:19 - [MESSAGE][FAILED] - Unable to click on object 'Object Repository/BankAccDataField/Page_ (1)/div__ui-SelectBranch'
[[ATTACHMENT|C:\\Users\\smart\\Katalon Studio\\BakeryManagementSystem.Share\\Reports\\TestSuites\\EditBankAccountForBakery - Copy\\20191009_123749\\1570617498997.png]]

2019-10-09 12:38:19 - [TEST_STEP][PASSED] - click(findTestObject("BankAccDataField/Page_ (1)/li_ (DokkiBranch)"), CONTINUE_ON_FAILURE): Object: 'Object Repository/BankAccDataField/Page_ (1)/li_ (DokkiBranch)' is clicked on

2019-10-09 12:38:19 - [MESSAGE][PASSED] - Object: 'Object Repository/BankAccDataField/Page_ (1)/li_ (DokkiBranch)' is clicked on

2019-10-09 12:38:19 - [TEST_STEP][PASSED] - click(findTestObject("BankAccDataField/Page_ (1)/div__ui-SelectBranch")): Object: 'Object Repository/BankAccDataField/Page_ (1)/div__ui-SelectBranch' is clicked on

2019-10-09 12:38:19 - [MESSAGE][PASSED] - Object: 'Object Repository/BankAccDataField/Page_ (1)/div__ui-SelectBranch' is clicked on

2019-10-09 12:38:19 - [TEST_STEP][PASSED] - file = new java.io.File(C:\Users\smart\Katalon Studio\BakeryManagementSystem.Share\Cash\AccNumber.txt): null

2019-10-09 12:38:19 - [TEST_STEP][PASSED] - FileText = file.readLines(): null

2019-10-09 12:38:19 - [TEST_STEP][PASSED] - setText(findTestObject("CreateMdifyBankAcc/Page_/input_ _formj_idt37j_idt55"), toString().replaceAll("\p{P}", "")): Text '123456789012' is set on object 'Object Repository/CreateMdifyBankAcc/Page_/input_ _formj_idt37j_idt55'

2019-10-09 12:38:20 - [MESSAGE][PASSED] - Text '123456789012' is set on object 'Object Repository/CreateMdifyBankAcc/Page_/input_ _formj_idt37j_idt55'

2019-10-09 12:38:20 - [TEST_STEP][PASSED] - file = new java.io.File(C:\Users\smart\Katalon Studio\BakeryManagementSystem.Share\Cash\AccName.txt): null

2019-10-09 12:38:20 - [TEST_STEP][PASSED] - setText(findTestObject("BankAccDataField/Page_ (1)/input_ _formj_idt37j_idt57"), toString().replaceAll("\p{P}", "")): Text 'AutomationTesting' is set on object 'Object Repository/BankAccDataField/Page_ (1)/input_ _formj_idt37j_idt57'

2019-10-09 12:38:20 - [MESSAGE][PASSED] - Text 'AutomationTesting' is set on object 'Object Repository/BankAccDataField/Page_ (1)/input_ _formj_idt37j_idt57'

2019-10-09 12:38:20 - [TEST_STEP][PASSED] - file = new java.io.File(C:\Users\smart\Katalon Studio\BakeryManagementSystem.Share\Cash\NIDNumber.txt): null

2019-10-09 12:38:20 - [TEST_STEP][PASSED] - setText(findTestObject("BankAccDataField/Page_ (1)/input_   _formj_idt37j_idt59"), toString().replaceAll("\p{P}", "")): Text '28502063200094' is set on object 'Object Repository/BankAccDataField/Page_ (1)/input_   _formj_idt37j_idt59'

2019-10-09 12:38:20 - [MESSAGE][PASSED] - Text '28502063200094' is set on object 'Object Repository/BankAccDataField/Page_ (1)/input_   _formj_idt37j_idt59'

2019-10-09 12:38:20 - [TEST_STEP][PASSED] - setText(findTestObject("BankAccDataField/Page_ (1)/textarea_ _formj_idt37j_idt61"), "ملاحظات", CONTINUE_ON_FAILURE): Text 'ملاحظات' is set on object 'Object Repository/BankAccDataField/Page_ (1)/textarea_ _formj_idt37j_idt61'

2019-10-09 12:38:20 - [MESSAGE][PASSED] - Text 'ملاحظات' is set on object 'Object Repository/BankAccDataField/Page_ (1)/textarea_ _formj_idt37j_idt61'

2019-10-09 12:38:20 - [TEST_STEP][FAILED] - click(findTestObject("BankAccDataField/Page_ (1)/span__1")): click(findTestObject("BankAccDataField/Page_ (1)/span__1")) FAILED.
Reason:
com.kms.katalon.core.exception.StepFailedException: Unable to click on object 'Object Repository/BankAccDataField/Page_ (1)/div__ui-SelectBranch'
	at com.kms.katalon.core.keyword.internal.KeywordMain.stepFailed(KeywordMain.groovy:37)
	at com.kms.katalon.core.webui.keyword.internal.WebUIKeywordMain.stepFailed(WebUIKeywordMain.groovy:65)
	at com.kms.katalon.core.webui.keyword.internal.WebUIKeywordMain.runKeyword(WebUIKeywordMain.groovy:27)
	at com.kms.katalon.core.webui.keyword.builtin.ClickKeyword.click(ClickKeyword.groovy:86)
	at com.kms.katalon.core.webui.keyword.builtin.ClickKeyword.execute(ClickKeyword.groovy:67)
	at com.kms.katalon.core.keyword.internal.KeywordExecutor.executeKeywordForPlatform(KeywordExecutor.groovy:56)
	at com.kms.katalon.core.webui.keyword.WebUiBuiltInKeywords.click(WebUiBuiltInKeywords.groovy:604)
	at com.kms.katalon.core.webui.keyword.WebUiBuiltInKeywords$click$6.call(Unknown Source)
	at EditValidBankAccData.run(EditValidBankAccData:24)
	at com.kms.katalon.core.main.ScriptEngine.run(ScriptEngine.java:194)
	at com.kms.katalon.core.main.ScriptEngine.runScriptAsRawText(ScriptEngine.java:119)
	at com.kms.katalon.core.main.TestCaseExecutor.runScript(TestCaseExecutor.java:331)
	at com.kms.katalon.core.main.TestCaseExecutor.doExecute(TestCaseExecutor.java:322)
	at com.kms.katalon.core.main.TestCaseExecutor.processExecutionPhase(TestCaseExecutor.java:301)
	at com.kms.katalon.core.main.TestCaseExecutor.accessMainPhase(TestCaseExecutor.java:293)
	at com.kms.katalon.core.main.TestCaseExecutor.execute(TestCaseExecutor.java:227)
	at com.kms.katalon.core.main.TestSuiteExecutor.accessTestCaseMainPhase(TestSuiteExecutor.java:129)
	at com.kms.katalon.core.main.TestSuiteExecutor.accessTestSuiteMainPhase(TestSuiteExecutor.java:112)
	at com.kms.katalon.core.main.TestSuiteExecutor.execute(TestSuiteExecutor.java:81)
	at com.kms.katalon.core.main.TestCaseMain.startTestSuite(TestCaseMain.java:157)
	at com.kms.katalon.core.main.TestCaseMain$startTestSuite$0.call(Unknown Source)
	at TempTestSuite1570617469099.run(TempTestSuite1570617469099.groovy:35)


2019-10-09 12:38:20 - [MESSAGE][PASSED] - Object: 'Object Repository/BankAccDataField/Page_ (1)/span__1' is clicked on

2019-10-09 12:38:20 - [MESSAGE][FAILED] - click(findTestObject("BankAccDataField/Page_ (1)/span__1")) FAILED.
Reason:
com.kms.katalon.core.exception.StepFailedException: Unable to click on object 'Object Repository/BankAccDataField/Page_ (1)/div__ui-SelectBranch'
	at com.kms.katalon.core.keyword.internal.KeywordMain.stepFailed(KeywordMain.groovy:37)
	at com.kms.katalon.core.webui.keyword.internal.WebUIKeywordMain.stepFailed(WebUIKeywordMain.groovy:65)
	at com.kms.katalon.core.webui.keyword.internal.WebUIKeywordMain.runKeyword(WebUIKeywordMain.groovy:27)
	at com.kms.katalon.core.webui.keyword.builtin.ClickKeyword.click(ClickKeyword.groovy:86)
	at com.kms.katalon.core.webui.keyword.builtin.ClickKeyword.execute(ClickKeyword.groovy:67)
	at com.kms.katalon.core.keyword.internal.KeywordExecutor.executeKeywordForPlatform(KeywordExecutor.groovy:56)
	at com.kms.katalon.core.webui.keyword.WebUiBuiltInKeywords.click(WebUiBuiltInKeywords.groovy:604)
	at com.kms.katalon.core.webui.keyword.WebUiBuiltInKeywords$click$6.call(Unknown Source)
	at EditValidBankAccData.run(EditValidBankAccData:24)
	at com.kms.katalon.core.main.ScriptEngine.run(ScriptEngine.java:194)
	at com.kms.katalon.core.main.ScriptEngine.runScriptAsRawText(ScriptEngine.java:119)
	at com.kms.katalon.core.main.TestCaseExecutor.runScript(TestCaseExecutor.java:331)
	at com.kms.katalon.core.main.TestCaseExecutor.doExecute(TestCaseExecutor.java:322)
	at com.kms.katalon.core.main.TestCaseExecutor.processExecutionPhase(TestCaseExecutor.java:301)
	at com.kms.katalon.core.main.TestCaseExecutor.accessMainPhase(TestCaseExecutor.java:293)
	at com.kms.katalon.core.main.TestCaseExecutor.execute(TestCaseExecutor.java:227)
	at com.kms.katalon.core.main.TestSuiteExecutor.accessTestCaseMainPhase(TestSuiteExecutor.java:129)
	at com.kms.katalon.core.main.TestSuiteExecutor.accessTestSuiteMainPhase(TestSuiteExecutor.java:112)
	at com.kms.katalon.core.main.TestSuiteExecutor.execute(TestSuiteExecutor.java:81)
	at com.kms.katalon.core.main.TestCaseMain.startTestSuite(TestCaseMain.java:157)
	at com.kms.katalon.core.main.TestCaseMain$startTestSuite$0.call(Unknown Source)
	at TempTestSuite1570617469099.run(TempTestSuite1570617469099.groovy:35)]]></system-out>
         <system-err><![CDATA[2019-10-09 12:38:15 - [TEST_CASE][FAILED] - Test Cases/SpecificTab/CreateModifyBankAccountForBakeryMethod/EditValidBankAccData: Test Cases/SpecificTab/CreateModifyBankAccountForBakeryMethod/EditValidBankAccData FAILED.
Reason:
com.kms.katalon.core.exception.StepFailedException: Unable to click on object 'Object Repository/BankAccDataField/Page_ (1)/div__ui-SelectBranch'
	at com.kms.katalon.core.keyword.internal.KeywordMain.stepFailed(KeywordMain.groovy:37)
	at com.kms.katalon.core.webui.keyword.internal.WebUIKeywordMain.stepFailed(WebUIKeywordMain.groovy:65)
	at com.kms.katalon.core.webui.keyword.internal.WebUIKeywordMain.runKeyword(WebUIKeywordMain.groovy:27)
	at com.kms.katalon.core.webui.keyword.builtin.ClickKeyword.click(ClickKeyword.groovy:86)
	at com.kms.katalon.core.webui.keyword.builtin.ClickKeyword.execute(ClickKeyword.groovy:67)
	at com.kms.katalon.core.keyword.internal.KeywordExecutor.executeKeywordForPlatform(KeywordExecutor.groovy:56)
	at com.kms.katalon.core.webui.keyword.WebUiBuiltInKeywords.click(WebUiBuiltInKeywords.groovy:604)
	at com.kms.katalon.core.webui.keyword.WebUiBuiltInKeywords$click$6.call(Unknown Source)
	at EditValidBankAccData.run(EditValidBankAccData:24)
	at com.kms.katalon.core.main.ScriptEngine.run(ScriptEngine.java:194)
	at com.kms.katalon.core.main.ScriptEngine.runScriptAsRawText(ScriptEngine.java:119)
	at com.kms.katalon.core.main.TestCaseExecutor.runScript(TestCaseExecutor.java:331)
	at com.kms.katalon.core.main.TestCaseExecutor.doExecute(TestCaseExecutor.java:322)
	at com.kms.katalon.core.main.TestCaseExecutor.processExecutionPhase(TestCaseExecutor.java:301)
	at com.kms.katalon.core.main.TestCaseExecutor.accessMainPhase(TestCaseExecutor.java:293)
	at com.kms.katalon.core.main.TestCaseExecutor.execute(TestCaseExecutor.java:227)
	at com.kms.katalon.core.main.TestSuiteExecutor.accessTestCaseMainPhase(TestSuiteExecutor.java:129)
	at com.kms.katalon.core.main.TestSuiteExecutor.accessTestSuiteMainPhase(TestSuiteExecutor.java:112)
	at com.kms.katalon.core.main.TestSuiteExecutor.execute(TestSuiteExecutor.java:81)
	at com.kms.katalon.core.main.TestCaseMain.startTestSuite(TestCaseMain.java:157)
	at com.kms.katalon.core.main.TestCaseMain$startTestSuite$0.call(Unknown Source)
	at TempTestSuite1570617469099.run(TempTestSuite1570617469099.groovy:35)]]></system-err>
      </testcase>
      <testcase name="Test Cases/Reusable/Assertion/BankAccCreatingSuccessfulyAssertionMethod" classname="Test Cases/Reusable/Assertion/BankAccCreatingSuccessfulyAssertionMethod" status="PASSED">
         <system-out><![CDATA[2019-10-09 12:38:20 - [TEST_CASE][PASSED] - Test Cases/Reusable/Assertion/BankAccCreatingSuccessfulyAssertionMethod: Test Cases/Reusable/Assertion/BankAccCreatingSuccessfulyAssertionMethod

2019-10-09 12:38:21 - [TEST_STEP][PASSED] - click(findTestObject("BankAccDataField/Page_ (1)/span_   791")): Object: 'Object Repository/BankAccDataField/Page_ (1)/span_   791' is clicked on

2019-10-09 12:38:21 - [MESSAGE][PASSED] - Object: 'Object Repository/BankAccDataField/Page_ (1)/span_   791' is clicked on

2019-10-09 12:38:21 - [TEST_STEP][PASSED] - SuccessfulMessage = getText(findTestObject("BankAccDataField/Page_ (1)/div_     791")): Text of object 'Object Repository/BankAccDataField/Page_ (1)/div_     791' is: 'تم التنفيذ بنجاح
رقم الطلب: 42002'

2019-10-09 12:38:21 - [MESSAGE][PASSED] - Text of object 'Object Repository/BankAccDataField/Page_ (1)/div_     791' is: 'تم التنفيذ بنجاح
رقم الطلب: 42002'

2019-10-09 12:38:21 - [TEST_STEP][PASSED] - println(SuccessfulMessage): null

2019-10-09 12:38:21 - [TEST_STEP][PASSED] - assert SuccessfulMessage.contains("تم التنفيذ بنجاح"): null

2019-10-09 12:38:21 - [TEST_STEP][PASSED] - ReqCode = SuccessfulMessage.replaceAll("[^\d]", ""): null

2019-10-09 12:38:21 - [TEST_STEP][PASSED] - println(ReqCode): null

2019-10-09 12:38:21 - [TEST_STEP][PASSED] - file = new java.io.File(C:\Users\smart\Katalon Studio\BakeryManagementSystem\Cash\ReqCode.txt): null

2019-10-09 12:38:21 - [TEST_STEP][PASSED] - file.write(ReqCode): null]]></system-out>
         <system-err><![CDATA[]]></system-err>
      </testcase>
      <system-out><![CDATA[2019-10-09 12:37:52 - [TEST_SUITE][FAILED] - EditBankAccountForBakery - Copy: Test Cases/SpecificTab/CreateModifyBankAccountForBakeryMethod/EditValidBankAccData FAILED.
Reason:
com.kms.katalon.core.exception.StepFailedException: Unable to click on object 'Object Repository/BankAccDataField/Page_ (1)/div__ui-SelectBranch'
	at com.kms.katalon.core.keyword.internal.KeywordMain.stepFailed(KeywordMain.groovy:37)
	at com.kms.katalon.core.webui.keyword.internal.WebUIKeywordMain.stepFailed(WebUIKeywordMain.groovy:65)
	at com.kms.katalon.core.webui.keyword.internal.WebUIKeywordMain.runKeyword(WebUIKeywordMain.groovy:27)
	at com.kms.katalon.core.webui.keyword.builtin.ClickKeyword.click(ClickKeyword.groovy:86)
	at com.kms.katalon.core.webui.keyword.builtin.ClickKeyword.execute(ClickKeyword.groovy:67)
	at com.kms.katalon.core.keyword.internal.KeywordExecutor.executeKeywordForPlatform(KeywordExecutor.groovy:56)
	at com.kms.katalon.core.webui.keyword.WebUiBuiltInKeywords.click(WebUiBuiltInKeywords.groovy:604)
	at com.kms.katalon.core.webui.keyword.WebUiBuiltInKeywords$click$6.call(Unknown Source)
	at EditValidBankAccData.run(EditValidBankAccData:24)
	at com.kms.katalon.core.main.ScriptEngine.run(ScriptEngine.java:194)
	at com.kms.katalon.core.main.ScriptEngine.runScriptAsRawText(ScriptEngine.java:119)
	at com.kms.katalon.core.main.TestCaseExecutor.runScript(TestCaseExecutor.java:331)
	at com.kms.katalon.core.main.TestCaseExecutor.doExecute(TestCaseExecutor.java:322)
	at com.kms.katalon.core.main.TestCaseExecutor.processExecutionPhase(TestCaseExecutor.java:301)
	at com.kms.katalon.core.main.TestCaseExecutor.accessMainPhase(TestCaseExecutor.java:293)
	at com.kms.katalon.core.main.TestCaseExecutor.execute(TestCaseExecutor.java:227)
	at com.kms.katalon.core.main.TestSuiteExecutor.accessTestCaseMainPhase(TestSuiteExecutor.java:129)
	at com.kms.katalon.core.main.TestSuiteExecutor.accessTestSuiteMainPhase(TestSuiteExecutor.java:112)
	at com.kms.katalon.core.main.TestSuiteExecutor.execute(TestSuiteExecutor.java:81)
	at com.kms.katalon.core.main.TestCaseMain.startTestSuite(TestCaseMain.java:157)
	at com.kms.katalon.core.main.TestCaseMain$startTestSuite$0.call(Unknown Source)
	at TempTestSuite1570617469099.run(TempTestSuite1570617469099.groovy:35)]]></system-out>
      <system-err><![CDATA[2019-10-09 12:37:52 - [TEST_SUITE][FAILED] - EditBankAccountForBakery - Copy: Test Cases/SpecificTab/CreateModifyBankAccountForBakeryMethod/EditValidBankAccData FAILED.
Reason:
com.kms.katalon.core.exception.StepFailedException: Unable to click on object 'Object Repository/BankAccDataField/Page_ (1)/div__ui-SelectBranch'
	at com.kms.katalon.core.keyword.internal.KeywordMain.stepFailed(KeywordMain.groovy:37)
	at com.kms.katalon.core.webui.keyword.internal.WebUIKeywordMain.stepFailed(WebUIKeywordMain.groovy:65)
	at com.kms.katalon.core.webui.keyword.internal.WebUIKeywordMain.runKeyword(WebUIKeywordMain.groovy:27)
	at com.kms.katalon.core.webui.keyword.builtin.ClickKeyword.click(ClickKeyword.groovy:86)
	at com.kms.katalon.core.webui.keyword.builtin.ClickKeyword.execute(ClickKeyword.groovy:67)
	at com.kms.katalon.core.keyword.internal.KeywordExecutor.executeKeywordForPlatform(KeywordExecutor.groovy:56)
	at com.kms.katalon.core.webui.keyword.WebUiBuiltInKeywords.click(WebUiBuiltInKeywords.groovy:604)
	at com.kms.katalon.core.webui.keyword.WebUiBuiltInKeywords$click$6.call(Unknown Source)
	at EditValidBankAccData.run(EditValidBankAccData:24)
	at com.kms.katalon.core.main.ScriptEngine.run(ScriptEngine.java:194)
	at com.kms.katalon.core.main.ScriptEngine.runScriptAsRawText(ScriptEngine.java:119)
	at com.kms.katalon.core.main.TestCaseExecutor.runScript(TestCaseExecutor.java:331)
	at com.kms.katalon.core.main.TestCaseExecutor.doExecute(TestCaseExecutor.java:322)
	at com.kms.katalon.core.main.TestCaseExecutor.processExecutionPhase(TestCaseExecutor.java:301)
	at com.kms.katalon.core.main.TestCaseExecutor.accessMainPhase(TestCaseExecutor.java:293)
	at com.kms.katalon.core.main.TestCaseExecutor.execute(TestCaseExecutor.java:227)
	at com.kms.katalon.core.main.TestSuiteExecutor.accessTestCaseMainPhase(TestSuiteExecutor.java:129)
	at com.kms.katalon.core.main.TestSuiteExecutor.accessTestSuiteMainPhase(TestSuiteExecutor.java:112)
	at com.kms.katalon.core.main.TestSuiteExecutor.execute(TestSuiteExecutor.java:81)
	at com.kms.katalon.core.main.TestCaseMain.startTestSuite(TestCaseMain.java:157)
	at com.kms.katalon.core.main.TestCaseMain$startTestSuite$0.call(Unknown Source)
	at TempTestSuite1570617469099.run(TempTestSuite1570617469099.groovy:35)]]></system-err>
   </testsuite>
</testsuites>
